
*** Running vivado
    with args -log design_1_wrapper.vds -m64 -product Vivado -mode batch -messageDb vivado.pb -notrace -source design_1_wrapper.tcl


****** Vivado v2018.2 (64-bit)
  **** SW Build 2258646 on Thu Jun 14 20:03:12 MDT 2018
  **** IP Build 2256618 on Thu Jun 14 22:10:49 MDT 2018
    ** Copyright 1986-2018 Xilinx, Inc. All Rights Reserved.

Sourcing tcl script 'C:/Users/juandres666/AppData/Roaming/Xilinx/Vivado/Vivado_init.tcl'
0 Beta devices matching pattern found, 0 enabled.
INFO: [Common 17-1463] Init.tcl in C:/Users/juandres666/AppData/Roaming/Xilinx/Vivado/init.tcl is not used. Vivado_init.tcl is already sourced.
source design_1_wrapper.tcl -notrace
INFO: [IP_Flow 19-234] Refreshing IP repositories
INFO: [IP_Flow 19-1700] Loaded user IP repository 'c:/Xilinx/Downloads/vivado-boards-master'.
INFO: [IP_Flow 19-2313] Loaded Vivado IP repository 'C:/Xilinx/Vivado/2018.2/data/ip'.
add_files: Time (s): cpu = 00:00:05 ; elapsed = 00:00:07 . Memory (MB): peak = 353.652 ; gain = 60.117
Command: synth_design -top design_1_wrapper -part xc7a100tcsg324-1
Starting synth_design
Attempting to get a license for feature 'Synthesis' and/or device 'xc7a100t'
INFO: [Common 17-349] Got license for feature 'Synthesis' and/or device 'xc7a100t'
INFO: Launching helper process for spawning children vivado processes
INFO: Helper process launched with PID 3496 
---------------------------------------------------------------------------------
Starting RTL Elaboration : Time (s): cpu = 00:00:04 ; elapsed = 00:00:05 . Memory (MB): peak = 460.559 ; gain = 99.988
---------------------------------------------------------------------------------
INFO: [Synth 8-638] synthesizing module 'design_1_wrapper' [C:/Users/juandres666/Desktop/Nexys4DDR/project_3/project_3.srcs/sources_1/bd/design_1/hdl/design_1_wrapper.vhd:28]
INFO: [Synth 8-3491] module 'design_1' declared at 'C:/Users/juandres666/Desktop/Nexys4DDR/project_3/project_3.srcs/sources_1/bd/design_1/synth/design_1.vhd:2065' bound to instance 'design_1_i' of component 'design_1' [C:/Users/juandres666/Desktop/Nexys4DDR/project_3/project_3.srcs/sources_1/bd/design_1/hdl/design_1_wrapper.vhd:117]
INFO: [Synth 8-638] synthesizing module 'design_1' [C:/Users/juandres666/Desktop/Nexys4DDR/project_3/project_3.srcs/sources_1/bd/design_1/synth/design_1.vhd:2085]
INFO: [Synth 8-3491] module 'design_1_axi_gpio_0_0' declared at 'C:/Users/juandres666/Desktop/Nexys4DDR/project_3/project_3.runs/synth_1/.Xil/Vivado-10804-LAPTOP-DPG7I33O/realtime/design_1_axi_gpio_0_0_stub.vhdl:5' bound to instance 'axi_gpio_0' of component 'design_1_axi_gpio_0_0' [C:/Users/juandres666/Desktop/Nexys4DDR/project_3/project_3.srcs/sources_1/bd/design_1/synth/design_1.vhd:2516]
INFO: [Synth 8-638] synthesizing module 'design_1_axi_gpio_0_0' [C:/Users/juandres666/Desktop/Nexys4DDR/project_3/project_3.runs/synth_1/.Xil/Vivado-10804-LAPTOP-DPG7I33O/realtime/design_1_axi_gpio_0_0_stub.vhdl:34]
INFO: [Synth 8-3491] module 'design_1_axi_gpio_1_1' declared at 'C:/Users/juandres666/Desktop/Nexys4DDR/project_3/project_3.runs/synth_1/.Xil/Vivado-10804-LAPTOP-DPG7I33O/realtime/design_1_axi_gpio_1_1_stub.vhdl:5' bound to instance 'axi_gpio_1' of component 'design_1_axi_gpio_1_1' [C:/Users/juandres666/Desktop/Nexys4DDR/project_3/project_3.srcs/sources_1/bd/design_1/synth/design_1.vhd:2542]
INFO: [Synth 8-638] synthesizing module 'design_1_axi_gpio_1_1' [C:/Users/juandres666/Desktop/Nexys4DDR/project_3/project_3.runs/synth_1/.Xil/Vivado-10804-LAPTOP-DPG7I33O/realtime/design_1_axi_gpio_1_1_stub.vhdl:33]
INFO: [Synth 8-3491] module 'design_1_axi_intc_0_0' declared at 'C:/Users/juandres666/Desktop/Nexys4DDR/project_3/project_3.runs/synth_1/.Xil/Vivado-10804-LAPTOP-DPG7I33O/realtime/design_1_axi_intc_0_0_stub.vhdl:5' bound to instance 'axi_intc_0' of component 'design_1_axi_intc_0_0' [C:/Users/juandres666/Desktop/Nexys4DDR/project_3/project_3.srcs/sources_1/bd/design_1/synth/design_1.vhd:2567]
INFO: [Synth 8-638] synthesizing module 'design_1_axi_intc_0_0' [C:/Users/juandres666/Desktop/Nexys4DDR/project_3/project_3.runs/synth_1/.Xil/Vivado-10804-LAPTOP-DPG7I33O/realtime/design_1_axi_intc_0_0_stub.vhdl:36]
INFO: [Synth 8-3491] module 'design_1_axi_timer_0_0' declared at 'C:/Users/juandres666/Desktop/Nexys4DDR/project_3/project_3.runs/synth_1/.Xil/Vivado-10804-LAPTOP-DPG7I33O/realtime/design_1_axi_timer_0_0_stub.vhdl:5' bound to instance 'axi_timer_0' of component 'design_1_axi_timer_0_0' [C:/Users/juandres666/Desktop/Nexys4DDR/project_3/project_3.srcs/sources_1/bd/design_1/synth/design_1.vhd:2596]
INFO: [Synth 8-638] synthesizing module 'design_1_axi_timer_0_0' [C:/Users/juandres666/Desktop/Nexys4DDR/project_3/project_3.runs/synth_1/.Xil/Vivado-10804-LAPTOP-DPG7I33O/realtime/design_1_axi_timer_0_0_stub.vhdl:37]
INFO: [Synth 8-3491] module 'design_1_clk_wiz_1_0' declared at 'C:/Users/juandres666/Desktop/Nexys4DDR/project_3/project_3.runs/synth_1/.Xil/Vivado-10804-LAPTOP-DPG7I33O/realtime/design_1_clk_wiz_1_0_stub.vhdl:5' bound to instance 'clk_wiz_1' of component 'design_1_clk_wiz_1_0' [C:/Users/juandres666/Desktop/Nexys4DDR/project_3/project_3.srcs/sources_1/bd/design_1/synth/design_1.vhd:2625]
INFO: [Synth 8-638] synthesizing module 'design_1_clk_wiz_1_0' [C:/Users/juandres666/Desktop/Nexys4DDR/project_3/project_3.runs/synth_1/.Xil/Vivado-10804-LAPTOP-DPG7I33O/realtime/design_1_clk_wiz_1_0_stub.vhdl:15]
INFO: [Synth 8-3491] module 'design_1_mdm_1_0' declared at 'C:/Users/juandres666/Desktop/Nexys4DDR/project_3/project_3.runs/synth_1/.Xil/Vivado-10804-LAPTOP-DPG7I33O/realtime/design_1_mdm_1_0_stub.vhdl:5' bound to instance 'mdm_1' of component 'design_1_mdm_1_0' [C:/Users/juandres666/Desktop/Nexys4DDR/project_3/project_3.srcs/sources_1/bd/design_1/synth/design_1.vhd:2632]
INFO: [Synth 8-638] synthesizing module 'design_1_mdm_1_0' [C:/Users/juandres666/Desktop/Nexys4DDR/project_3/project_3.runs/synth_1/.Xil/Vivado-10804-LAPTOP-DPG7I33O/realtime/design_1_mdm_1_0_stub.vhdl:21]
INFO: [Synth 8-3491] module 'design_1_microblaze_0_0' declared at 'C:/Users/juandres666/Desktop/Nexys4DDR/project_3/project_3.runs/synth_1/.Xil/Vivado-10804-LAPTOP-DPG7I33O/realtime/design_1_microblaze_0_0_stub.vhdl:5' bound to instance 'microblaze_0' of component 'design_1_microblaze_0_0' [C:/Users/juandres666/Desktop/Nexys4DDR/project_3/project_3.srcs/sources_1/bd/design_1/synth/design_1.vhd:2645]
INFO: [Synth 8-638] synthesizing module 'design_1_microblaze_0_0' [C:/Users/juandres666/Desktop/Nexys4DDR/project_3/project_3.runs/synth_1/.Xil/Vivado-10804-LAPTOP-DPG7I33O/realtime/design_1_microblaze_0_0_stub.vhdl:63]
INFO: [Synth 8-638] synthesizing module 'design_1_microblaze_0_axi_periph_2' [C:/Users/juandres666/Desktop/Nexys4DDR/project_3/project_3.srcs/sources_1/bd/design_1/synth/design_1.vhd:1311]
INFO: [Synth 8-638] synthesizing module 'm00_couplers_imp_8RVYHO' [C:/Users/juandres666/Desktop/Nexys4DDR/project_3/project_3.srcs/sources_1/bd/design_1/synth/design_1.vhd:57]
INFO: [Synth 8-256] done synthesizing module 'm00_couplers_imp_8RVYHO' (1#1) [C:/Users/juandres666/Desktop/Nexys4DDR/project_3/project_3.srcs/sources_1/bd/design_1/synth/design_1.vhd:57]
INFO: [Synth 8-638] synthesizing module 'm01_couplers_imp_1UTB3Y5' [C:/Users/juandres666/Desktop/Nexys4DDR/project_3/project_3.srcs/sources_1/bd/design_1/synth/design_1.vhd:158]
INFO: [Synth 8-256] done synthesizing module 'm01_couplers_imp_1UTB3Y5' (2#1) [C:/Users/juandres666/Desktop/Nexys4DDR/project_3/project_3.srcs/sources_1/bd/design_1/synth/design_1.vhd:158]
INFO: [Synth 8-638] synthesizing module 'm02_couplers_imp_7ANRHB' [C:/Users/juandres666/Desktop/Nexys4DDR/project_3/project_3.srcs/sources_1/bd/design_1/synth/design_1.vhd:259]
INFO: [Synth 8-256] done synthesizing module 'm02_couplers_imp_7ANRHB' (3#1) [C:/Users/juandres666/Desktop/Nexys4DDR/project_3/project_3.srcs/sources_1/bd/design_1/synth/design_1.vhd:259]
INFO: [Synth 8-638] synthesizing module 'm03_couplers_imp_1W07O72' [C:/Users/juandres666/Desktop/Nexys4DDR/project_3/project_3.srcs/sources_1/bd/design_1/synth/design_1.vhd:360]
INFO: [Synth 8-256] done synthesizing module 'm03_couplers_imp_1W07O72' (4#1) [C:/Users/juandres666/Desktop/Nexys4DDR/project_3/project_3.srcs/sources_1/bd/design_1/synth/design_1.vhd:360]
INFO: [Synth 8-638] synthesizing module 'm04_couplers_imp_5LX7BU' [C:/Users/juandres666/Desktop/Nexys4DDR/project_3/project_3.srcs/sources_1/bd/design_1/synth/design_1.vhd:461]
INFO: [Synth 8-256] done synthesizing module 'm04_couplers_imp_5LX7BU' (5#1) [C:/Users/juandres666/Desktop/Nexys4DDR/project_3/project_3.srcs/sources_1/bd/design_1/synth/design_1.vhd:461]
INFO: [Synth 8-638] synthesizing module 's00_couplers_imp_1RZP34U' [C:/Users/juandres666/Desktop/Nexys4DDR/project_3/project_3.srcs/sources_1/bd/design_1/synth/design_1.vhd:1124]
INFO: [Synth 8-256] done synthesizing module 's00_couplers_imp_1RZP34U' (6#1) [C:/Users/juandres666/Desktop/Nexys4DDR/project_3/project_3.srcs/sources_1/bd/design_1/synth/design_1.vhd:1124]
INFO: [Synth 8-3491] module 'design_1_xbar_0' declared at 'C:/Users/juandres666/Desktop/Nexys4DDR/project_3/project_3.runs/synth_1/.Xil/Vivado-10804-LAPTOP-DPG7I33O/realtime/design_1_xbar_0_stub.vhdl:5' bound to instance 'xbar' of component 'design_1_xbar_0' [C:/Users/juandres666/Desktop/Nexys4DDR/project_3/project_3.srcs/sources_1/bd/design_1/synth/design_1.vhd:1949]
INFO: [Synth 8-638] synthesizing module 'design_1_xbar_0' [C:/Users/juandres666/Desktop/Nexys4DDR/project_3/project_3.runs/synth_1/.Xil/Vivado-10804-LAPTOP-DPG7I33O/realtime/design_1_xbar_0_stub.vhdl:51]
INFO: [Synth 8-256] done synthesizing module 'design_1_microblaze_0_axi_periph_2' (7#1) [C:/Users/juandres666/Desktop/Nexys4DDR/project_3/project_3.srcs/sources_1/bd/design_1/synth/design_1.vhd:1311]
INFO: [Synth 8-638] synthesizing module 'microblaze_0_local_memory_imp_1K0VQXK' [C:/Users/juandres666/Desktop/Nexys4DDR/project_3/project_3.srcs/sources_1/bd/design_1/synth/design_1.vhd:545]
INFO: [Synth 8-3491] module 'design_1_dlmb_bram_if_cntlr_0' declared at 'C:/Users/juandres666/Desktop/Nexys4DDR/project_3/project_3.runs/synth_1/.Xil/Vivado-10804-LAPTOP-DPG7I33O/realtime/design_1_dlmb_bram_if_cntlr_0_stub.vhdl:5' bound to instance 'dlmb_bram_if_cntlr' of component 'design_1_dlmb_bram_if_cntlr_0' [C:/Users/juandres666/Desktop/Nexys4DDR/project_3/project_3.srcs/sources_1/bd/design_1/synth/design_1.vhd:759]
INFO: [Synth 8-638] synthesizing module 'design_1_dlmb_bram_if_cntlr_0' [C:/Users/juandres666/Desktop/Nexys4DDR/project_3/project_3.runs/synth_1/.Xil/Vivado-10804-LAPTOP-DPG7I33O/realtime/design_1_dlmb_bram_if_cntlr_0_stub.vhdl:31]
INFO: [Synth 8-3491] module 'design_1_dlmb_v10_0' declared at 'C:/Users/juandres666/Desktop/Nexys4DDR/project_3/project_3.runs/synth_1/.Xil/Vivado-10804-LAPTOP-DPG7I33O/realtime/design_1_dlmb_v10_0_stub.vhdl:5' bound to instance 'dlmb_v10' of component 'design_1_dlmb_v10_0' [C:/Users/juandres666/Desktop/Nexys4DDR/project_3/project_3.srcs/sources_1/bd/design_1/synth/design_1.vhd:813]
INFO: [Synth 8-638] synthesizing module 'design_1_dlmb_v10_0' [C:/Users/juandres666/Desktop/Nexys4DDR/project_3/project_3.runs/synth_1/.Xil/Vivado-10804-LAPTOP-DPG7I33O/realtime/design_1_dlmb_v10_0_stub.vhdl:36]
INFO: [Synth 8-3491] module 'design_1_ilmb_bram_if_cntlr_0' declared at 'C:/Users/juandres666/Desktop/Nexys4DDR/project_3/project_3.runs/synth_1/.Xil/Vivado-10804-LAPTOP-DPG7I33O/realtime/design_1_ilmb_bram_if_cntlr_0_stub.vhdl:5' bound to instance 'ilmb_bram_if_cntlr' of component 'design_1_ilmb_bram_if_cntlr_0' [C:/Users/juandres666/Desktop/Nexys4DDR/project_3/project_3.srcs/sources_1/bd/design_1/synth/design_1.vhd:841]
INFO: [Synth 8-638] synthesizing module 'design_1_ilmb_bram_if_cntlr_0' [C:/Users/juandres666/Desktop/Nexys4DDR/project_3/project_3.runs/synth_1/.Xil/Vivado-10804-LAPTOP-DPG7I33O/realtime/design_1_ilmb_bram_if_cntlr_0_stub.vhdl:31]
INFO: [Synth 8-3491] module 'design_1_ilmb_v10_0' declared at 'C:/Users/juandres666/Desktop/Nexys4DDR/project_3/project_3.runs/synth_1/.Xil/Vivado-10804-LAPTOP-DPG7I33O/realtime/design_1_ilmb_v10_0_stub.vhdl:5' bound to instance 'ilmb_v10' of component 'design_1_ilmb_v10_0' [C:/Users/juandres666/Desktop/Nexys4DDR/project_3/project_3.srcs/sources_1/bd/design_1/synth/design_1.vhd:895]
INFO: [Synth 8-638] synthesizing module 'design_1_ilmb_v10_0' [C:/Users/juandres666/Desktop/Nexys4DDR/project_3/project_3.runs/synth_1/.Xil/Vivado-10804-LAPTOP-DPG7I33O/realtime/design_1_ilmb_v10_0_stub.vhdl:36]
INFO: [Synth 8-3491] module 'design_1_lmb_bram_0' declared at 'C:/Users/juandres666/Desktop/Nexys4DDR/project_3/project_3.runs/synth_1/.Xil/Vivado-10804-LAPTOP-DPG7I33O/realtime/design_1_lmb_bram_0_stub.vhdl:5' bound to instance 'lmb_bram' of component 'design_1_lmb_bram_0' [C:/Users/juandres666/Desktop/Nexys4DDR/project_3/project_3.srcs/sources_1/bd/design_1/synth/design_1.vhd:923]
INFO: [Synth 8-638] synthesizing module 'design_1_lmb_bram_0' [C:/Users/juandres666/Desktop/Nexys4DDR/project_3/project_3.runs/synth_1/.Xil/Vivado-10804-LAPTOP-DPG7I33O/realtime/design_1_lmb_bram_0_stub.vhdl:27]
INFO: [Synth 8-256] done synthesizing module 'microblaze_0_local_memory_imp_1K0VQXK' (8#1) [C:/Users/juandres666/Desktop/Nexys4DDR/project_3/project_3.srcs/sources_1/bd/design_1/synth/design_1.vhd:545]
INFO: [Synth 8-3491] module 'design_1_rst_clk_wiz_1_100M_0' declared at 'C:/Users/juandres666/Desktop/Nexys4DDR/project_3/project_3.runs/synth_1/.Xil/Vivado-10804-LAPTOP-DPG7I33O/realtime/design_1_rst_clk_wiz_1_100M_0_stub.vhdl:5' bound to instance 'rst_clk_wiz_1_100M' of component 'design_1_rst_clk_wiz_1_100M_0' [C:/Users/juandres666/Desktop/Nexys4DDR/project_3/project_3.srcs/sources_1/bd/design_1/synth/design_1.vhd:2876]
INFO: [Synth 8-638] synthesizing module 'design_1_rst_clk_wiz_1_100M_0' [C:/Users/juandres666/Desktop/Nexys4DDR/project_3/project_3.runs/synth_1/.Xil/Vivado-10804-LAPTOP-DPG7I33O/realtime/design_1_rst_clk_wiz_1_100M_0_stub.vhdl:21]
INFO: [Synth 8-3491] module 'design_1_xadc_wiz_0_0' declared at 'C:/Users/juandres666/Desktop/Nexys4DDR/project_3/project_3.runs/synth_1/.Xil/Vivado-10804-LAPTOP-DPG7I33O/realtime/design_1_xadc_wiz_0_0_stub.vhdl:5' bound to instance 'xadc_wiz_0' of component 'design_1_xadc_wiz_0_0' [C:/Users/juandres666/Desktop/Nexys4DDR/project_3/project_3.srcs/sources_1/bd/design_1/synth/design_1.vhd:2889]
INFO: [Synth 8-638] synthesizing module 'design_1_xadc_wiz_0_0' [C:/Users/juandres666/Desktop/Nexys4DDR/project_3/project_3.runs/synth_1/.Xil/Vivado-10804-LAPTOP-DPG7I33O/realtime/design_1_xadc_wiz_0_0_stub.vhdl:40]
INFO: [Synth 8-256] done synthesizing module 'design_1' (9#1) [C:/Users/juandres666/Desktop/Nexys4DDR/project_3/project_3.srcs/sources_1/bd/design_1/synth/design_1.vhd:2085]
INFO: [Synth 8-3491] module 'IOBUF' declared at 'C:/Xilinx/Vivado/2018.2/scripts/rt/data/unisim_comp.v:22660' bound to instance 'led_16bits_tri_iobuf_0' of component 'IOBUF' [C:/Users/juandres666/Desktop/Nexys4DDR/project_3/project_3.srcs/sources_1/bd/design_1/hdl/design_1_wrapper.vhd:176]
INFO: [Synth 8-6157] synthesizing module 'IOBUF' [C:/Xilinx/Vivado/2018.2/scripts/rt/data/unisim_comp.v:22660]
	Parameter DRIVE bound to: 12 - type: integer 
	Parameter IBUF_LOW_PWR bound to: TRUE - type: string 
	Parameter IOSTANDARD bound to: DEFAULT - type: string 
	Parameter SLEW bound to: SLOW - type: string 
INFO: [Synth 8-6155] done synthesizing module 'IOBUF' (10#1) [C:/Xilinx/Vivado/2018.2/scripts/rt/data/unisim_comp.v:22660]
INFO: [Synth 8-3491] module 'IOBUF' declared at 'C:/Xilinx/Vivado/2018.2/scripts/rt/data/unisim_comp.v:22660' bound to instance 'led_16bits_tri_iobuf_1' of component 'IOBUF' [C:/Users/juandres666/Desktop/Nexys4DDR/project_3/project_3.srcs/sources_1/bd/design_1/hdl/design_1_wrapper.vhd:183]
INFO: [Synth 8-3491] module 'IOBUF' declared at 'C:/Xilinx/Vivado/2018.2/scripts/rt/data/unisim_comp.v:22660' bound to instance 'led_16bits_tri_iobuf_10' of component 'IOBUF' [C:/Users/juandres666/Desktop/Nexys4DDR/project_3/project_3.srcs/sources_1/bd/design_1/hdl/design_1_wrapper.vhd:190]
INFO: [Synth 8-3491] module 'IOBUF' declared at 'C:/Xilinx/Vivado/2018.2/scripts/rt/data/unisim_comp.v:22660' bound to instance 'led_16bits_tri_iobuf_11' of component 'IOBUF' [C:/Users/juandres666/Desktop/Nexys4DDR/project_3/project_3.srcs/sources_1/bd/design_1/hdl/design_1_wrapper.vhd:197]
INFO: [Synth 8-3491] module 'IOBUF' declared at 'C:/Xilinx/Vivado/2018.2/scripts/rt/data/unisim_comp.v:22660' bound to instance 'led_16bits_tri_iobuf_12' of component 'IOBUF' [C:/Users/juandres666/Desktop/Nexys4DDR/project_3/project_3.srcs/sources_1/bd/design_1/hdl/design_1_wrapper.vhd:204]
INFO: [Synth 8-3491] module 'IOBUF' declared at 'C:/Xilinx/Vivado/2018.2/scripts/rt/data/unisim_comp.v:22660' bound to instance 'led_16bits_tri_iobuf_13' of component 'IOBUF' [C:/Users/juandres666/Desktop/Nexys4DDR/project_3/project_3.srcs/sources_1/bd/design_1/hdl/design_1_wrapper.vhd:211]
INFO: [Synth 8-3491] module 'IOBUF' declared at 'C:/Xilinx/Vivado/2018.2/scripts/rt/data/unisim_comp.v:22660' bound to instance 'led_16bits_tri_iobuf_14' of component 'IOBUF' [C:/Users/juandres666/Desktop/Nexys4DDR/project_3/project_3.srcs/sources_1/bd/design_1/hdl/design_1_wrapper.vhd:218]
INFO: [Synth 8-3491] module 'IOBUF' declared at 'C:/Xilinx/Vivado/2018.2/scripts/rt/data/unisim_comp.v:22660' bound to instance 'led_16bits_tri_iobuf_15' of component 'IOBUF' [C:/Users/juandres666/Desktop/Nexys4DDR/project_3/project_3.srcs/sources_1/bd/design_1/hdl/design_1_wrapper.vhd:225]
INFO: [Synth 8-3491] module 'IOBUF' declared at 'C:/Xilinx/Vivado/2018.2/scripts/rt/data/unisim_comp.v:22660' bound to instance 'led_16bits_tri_iobuf_2' of component 'IOBUF' [C:/Users/juandres666/Desktop/Nexys4DDR/project_3/project_3.srcs/sources_1/bd/design_1/hdl/design_1_wrapper.vhd:232]
INFO: [Synth 8-3491] module 'IOBUF' declared at 'C:/Xilinx/Vivado/2018.2/scripts/rt/data/unisim_comp.v:22660' bound to instance 'led_16bits_tri_iobuf_3' of component 'IOBUF' [C:/Users/juandres666/Desktop/Nexys4DDR/project_3/project_3.srcs/sources_1/bd/design_1/hdl/design_1_wrapper.vhd:239]
INFO: [Synth 8-3491] module 'IOBUF' declared at 'C:/Xilinx/Vivado/2018.2/scripts/rt/data/unisim_comp.v:22660' bound to instance 'led_16bits_tri_iobuf_4' of component 'IOBUF' [C:/Users/juandres666/Desktop/Nexys4DDR/project_3/project_3.srcs/sources_1/bd/design_1/hdl/design_1_wrapper.vhd:246]
INFO: [Synth 8-3491] module 'IOBUF' declared at 'C:/Xilinx/Vivado/2018.2/scripts/rt/data/unisim_comp.v:22660' bound to instance 'led_16bits_tri_iobuf_5' of component 'IOBUF' [C:/Users/juandres666/Desktop/Nexys4DDR/project_3/project_3.srcs/sources_1/bd/design_1/hdl/design_1_wrapper.vhd:253]
INFO: [Synth 8-3491] module 'IOBUF' declared at 'C:/Xilinx/Vivado/2018.2/scripts/rt/data/unisim_comp.v:22660' bound to instance 'led_16bits_tri_iobuf_6' of component 'IOBUF' [C:/Users/juandres666/Desktop/Nexys4DDR/project_3/project_3.srcs/sources_1/bd/design_1/hdl/design_1_wrapper.vhd:260]
INFO: [Synth 8-3491] module 'IOBUF' declared at 'C:/Xilinx/Vivado/2018.2/scripts/rt/data/unisim_comp.v:22660' bound to instance 'led_16bits_tri_iobuf_7' of component 'IOBUF' [C:/Users/juandres666/Desktop/Nexys4DDR/project_3/project_3.srcs/sources_1/bd/design_1/hdl/design_1_wrapper.vhd:267]
INFO: [Synth 8-3491] module 'IOBUF' declared at 'C:/Xilinx/Vivado/2018.2/scripts/rt/data/unisim_comp.v:22660' bound to instance 'led_16bits_tri_iobuf_8' of component 'IOBUF' [C:/Users/juandres666/Desktop/Nexys4DDR/project_3/project_3.srcs/sources_1/bd/design_1/hdl/design_1_wrapper.vhd:274]
INFO: [Synth 8-3491] module 'IOBUF' declared at 'C:/Xilinx/Vivado/2018.2/scripts/rt/data/unisim_comp.v:22660' bound to instance 'led_16bits_tri_iobuf_9' of component 'IOBUF' [C:/Users/juandres666/Desktop/Nexys4DDR/project_3/project_3.srcs/sources_1/bd/design_1/hdl/design_1_wrapper.vhd:281]
INFO: [Synth 8-256] done synthesizing module 'design_1_wrapper' (11#1) [C:/Users/juandres666/Desktop/Nexys4DDR/project_3/project_3.srcs/sources_1/bd/design_1/hdl/design_1_wrapper.vhd:28]
WARNING: [Synth 8-3331] design s00_couplers_imp_1RZP34U has unconnected port M_ACLK
WARNING: [Synth 8-3331] design s00_couplers_imp_1RZP34U has unconnected port M_ARESETN
WARNING: [Synth 8-3331] design s00_couplers_imp_1RZP34U has unconnected port S_ACLK
WARNING: [Synth 8-3331] design s00_couplers_imp_1RZP34U has unconnected port S_ARESETN
WARNING: [Synth 8-3331] design m04_couplers_imp_5LX7BU has unconnected port M_ACLK
WARNING: [Synth 8-3331] design m04_couplers_imp_5LX7BU has unconnected port M_ARESETN
WARNING: [Synth 8-3331] design m04_couplers_imp_5LX7BU has unconnected port S_ACLK
WARNING: [Synth 8-3331] design m04_couplers_imp_5LX7BU has unconnected port S_ARESETN
WARNING: [Synth 8-3331] design m03_couplers_imp_1W07O72 has unconnected port M_ACLK
WARNING: [Synth 8-3331] design m03_couplers_imp_1W07O72 has unconnected port M_ARESETN
WARNING: [Synth 8-3331] design m03_couplers_imp_1W07O72 has unconnected port S_ACLK
WARNING: [Synth 8-3331] design m03_couplers_imp_1W07O72 has unconnected port S_ARESETN
WARNING: [Synth 8-3331] design m02_couplers_imp_7ANRHB has unconnected port M_ACLK
WARNING: [Synth 8-3331] design m02_couplers_imp_7ANRHB has unconnected port M_ARESETN
WARNING: [Synth 8-3331] design m02_couplers_imp_7ANRHB has unconnected port S_ACLK
WARNING: [Synth 8-3331] design m02_couplers_imp_7ANRHB has unconnected port S_ARESETN
WARNING: [Synth 8-3331] design m01_couplers_imp_1UTB3Y5 has unconnected port M_ACLK
WARNING: [Synth 8-3331] design m01_couplers_imp_1UTB3Y5 has unconnected port M_ARESETN
WARNING: [Synth 8-3331] design m01_couplers_imp_1UTB3Y5 has unconnected port S_ACLK
WARNING: [Synth 8-3331] design m01_couplers_imp_1UTB3Y5 has unconnected port S_ARESETN
WARNING: [Synth 8-3331] design m00_couplers_imp_8RVYHO has unconnected port M_ACLK
WARNING: [Synth 8-3331] design m00_couplers_imp_8RVYHO has unconnected port M_ARESETN
WARNING: [Synth 8-3331] design m00_couplers_imp_8RVYHO has unconnected port S_ACLK
WARNING: [Synth 8-3331] design m00_couplers_imp_8RVYHO has unconnected port S_ARESETN
---------------------------------------------------------------------------------
Finished RTL Elaboration : Time (s): cpu = 00:00:05 ; elapsed = 00:00:06 . Memory (MB): peak = 518.164 ; gain = 157.594
---------------------------------------------------------------------------------

Report Check Netlist: 
+------+------------------+-------+---------+-------+------------------+
|      |Item              |Errors |Warnings |Status |Description       |
+------+------------------+-------+---------+-------+------------------+
|1     |multi_driven_nets |      0|        0|Passed |Multi driven nets |
+------+------------------+-------+---------+-------+------------------+
---------------------------------------------------------------------------------
Start Handling Custom Attributes
---------------------------------------------------------------------------------
---------------------------------------------------------------------------------
Finished Handling Custom Attributes : Time (s): cpu = 00:00:05 ; elapsed = 00:00:07 . Memory (MB): peak = 518.164 ; gain = 157.594
---------------------------------------------------------------------------------
---------------------------------------------------------------------------------
Finished RTL Optimization Phase 1 : Time (s): cpu = 00:00:05 ; elapsed = 00:00:07 . Memory (MB): peak = 518.164 ; gain = 157.594
---------------------------------------------------------------------------------
INFO: [Netlist 29-17] Analyzing 16 Unisim elements for replacement
INFO: [Netlist 29-28] Unisim Transformation completed in 0 CPU seconds
INFO: [Device 21-403] Loading part xc7a100tcsg324-1
INFO: [Project 1-570] Preparing netlist for logic optimization

Processing XDC Constraints
Initializing timing engine
Parsing XDC File [c:/Users/juandres666/Desktop/Nexys4DDR/project_3/project_3.srcs/sources_1/bd/design_1/ip/design_1_axi_gpio_0_0/design_1_axi_gpio_0_0/design_1_axi_gpio_0_0_in_context.xdc] for cell 'design_1_i/axi_gpio_0'
Finished Parsing XDC File [c:/Users/juandres666/Desktop/Nexys4DDR/project_3/project_3.srcs/sources_1/bd/design_1/ip/design_1_axi_gpio_0_0/design_1_axi_gpio_0_0/design_1_axi_gpio_0_0_in_context.xdc] for cell 'design_1_i/axi_gpio_0'
Parsing XDC File [c:/Users/juandres666/Desktop/Nexys4DDR/project_3/project_3.srcs/sources_1/bd/design_1/ip/design_1_microblaze_0_0/design_1_microblaze_0_0/design_1_microblaze_0_0_in_context.xdc] for cell 'design_1_i/microblaze_0'
Finished Parsing XDC File [c:/Users/juandres666/Desktop/Nexys4DDR/project_3/project_3.srcs/sources_1/bd/design_1/ip/design_1_microblaze_0_0/design_1_microblaze_0_0/design_1_microblaze_0_0_in_context.xdc] for cell 'design_1_i/microblaze_0'
Parsing XDC File [c:/Users/juandres666/Desktop/Nexys4DDR/project_3/project_3.srcs/sources_1/bd/design_1/ip/design_1_mdm_1_0/design_1_mdm_1_0/design_1_mdm_1_0_in_context.xdc] for cell 'design_1_i/mdm_1'
Finished Parsing XDC File [c:/Users/juandres666/Desktop/Nexys4DDR/project_3/project_3.srcs/sources_1/bd/design_1/ip/design_1_mdm_1_0/design_1_mdm_1_0/design_1_mdm_1_0_in_context.xdc] for cell 'design_1_i/mdm_1'
Parsing XDC File [c:/Users/juandres666/Desktop/Nexys4DDR/project_3/project_3.srcs/sources_1/bd/design_1/ip/design_1_clk_wiz_1_0/design_1_clk_wiz_1_0/design_1_clk_wiz_1_0_in_context.xdc] for cell 'design_1_i/clk_wiz_1'
Finished Parsing XDC File [c:/Users/juandres666/Desktop/Nexys4DDR/project_3/project_3.srcs/sources_1/bd/design_1/ip/design_1_clk_wiz_1_0/design_1_clk_wiz_1_0/design_1_clk_wiz_1_0_in_context.xdc] for cell 'design_1_i/clk_wiz_1'
Parsing XDC File [c:/Users/juandres666/Desktop/Nexys4DDR/project_3/project_3.srcs/sources_1/bd/design_1/ip/design_1_rst_clk_wiz_1_100M_0/design_1_rst_clk_wiz_1_100M_0/design_1_rst_clk_wiz_1_100M_0_in_context.xdc] for cell 'design_1_i/rst_clk_wiz_1_100M'
Finished Parsing XDC File [c:/Users/juandres666/Desktop/Nexys4DDR/project_3/project_3.srcs/sources_1/bd/design_1/ip/design_1_rst_clk_wiz_1_100M_0/design_1_rst_clk_wiz_1_100M_0/design_1_rst_clk_wiz_1_100M_0_in_context.xdc] for cell 'design_1_i/rst_clk_wiz_1_100M'
Parsing XDC File [c:/Users/juandres666/Desktop/Nexys4DDR/project_3/project_3.srcs/sources_1/bd/design_1/ip/design_1_dlmb_v10_0/design_1_dlmb_v10_0/design_1_ilmb_v10_0_in_context.xdc] for cell 'design_1_i/microblaze_0_local_memory/dlmb_v10'
Finished Parsing XDC File [c:/Users/juandres666/Desktop/Nexys4DDR/project_3/project_3.srcs/sources_1/bd/design_1/ip/design_1_dlmb_v10_0/design_1_dlmb_v10_0/design_1_ilmb_v10_0_in_context.xdc] for cell 'design_1_i/microblaze_0_local_memory/dlmb_v10'
Parsing XDC File [c:/Users/juandres666/Desktop/Nexys4DDR/project_3/project_3.srcs/sources_1/bd/design_1/ip/design_1_ilmb_v10_0/design_1_ilmb_v10_0/design_1_ilmb_v10_0_in_context.xdc] for cell 'design_1_i/microblaze_0_local_memory/ilmb_v10'
Finished Parsing XDC File [c:/Users/juandres666/Desktop/Nexys4DDR/project_3/project_3.srcs/sources_1/bd/design_1/ip/design_1_ilmb_v10_0/design_1_ilmb_v10_0/design_1_ilmb_v10_0_in_context.xdc] for cell 'design_1_i/microblaze_0_local_memory/ilmb_v10'
Parsing XDC File [c:/Users/juandres666/Desktop/Nexys4DDR/project_3/project_3.srcs/sources_1/bd/design_1/ip/design_1_dlmb_bram_if_cntlr_0/design_1_dlmb_bram_if_cntlr_0/design_1_dlmb_bram_if_cntlr_0_in_context.xdc] for cell 'design_1_i/microblaze_0_local_memory/dlmb_bram_if_cntlr'
Finished Parsing XDC File [c:/Users/juandres666/Desktop/Nexys4DDR/project_3/project_3.srcs/sources_1/bd/design_1/ip/design_1_dlmb_bram_if_cntlr_0/design_1_dlmb_bram_if_cntlr_0/design_1_dlmb_bram_if_cntlr_0_in_context.xdc] for cell 'design_1_i/microblaze_0_local_memory/dlmb_bram_if_cntlr'
Parsing XDC File [c:/Users/juandres666/Desktop/Nexys4DDR/project_3/project_3.srcs/sources_1/bd/design_1/ip/design_1_ilmb_bram_if_cntlr_0/design_1_ilmb_bram_if_cntlr_0/design_1_ilmb_bram_if_cntlr_0_in_context.xdc] for cell 'design_1_i/microblaze_0_local_memory/ilmb_bram_if_cntlr'
Finished Parsing XDC File [c:/Users/juandres666/Desktop/Nexys4DDR/project_3/project_3.srcs/sources_1/bd/design_1/ip/design_1_ilmb_bram_if_cntlr_0/design_1_ilmb_bram_if_cntlr_0/design_1_ilmb_bram_if_cntlr_0_in_context.xdc] for cell 'design_1_i/microblaze_0_local_memory/ilmb_bram_if_cntlr'
Parsing XDC File [c:/Users/juandres666/Desktop/Nexys4DDR/project_3/project_3.srcs/sources_1/bd/design_1/ip/design_1_lmb_bram_0/design_1_lmb_bram_0/design_1_lmb_bram_0_in_context.xdc] for cell 'design_1_i/microblaze_0_local_memory/lmb_bram'
Finished Parsing XDC File [c:/Users/juandres666/Desktop/Nexys4DDR/project_3/project_3.srcs/sources_1/bd/design_1/ip/design_1_lmb_bram_0/design_1_lmb_bram_0/design_1_lmb_bram_0_in_context.xdc] for cell 'design_1_i/microblaze_0_local_memory/lmb_bram'
Parsing XDC File [c:/Users/juandres666/Desktop/Nexys4DDR/project_3/project_3.srcs/sources_1/bd/design_1/ip/design_1_xadc_wiz_0_0/design_1_xadc_wiz_0_0/design_1_xadc_wiz_0_0_in_context.xdc] for cell 'design_1_i/xadc_wiz_0'
Finished Parsing XDC File [c:/Users/juandres666/Desktop/Nexys4DDR/project_3/project_3.srcs/sources_1/bd/design_1/ip/design_1_xadc_wiz_0_0/design_1_xadc_wiz_0_0/design_1_xadc_wiz_0_0_in_context.xdc] for cell 'design_1_i/xadc_wiz_0'
Parsing XDC File [c:/Users/juandres666/Desktop/Nexys4DDR/project_3/project_3.srcs/sources_1/bd/design_1/ip/design_1_xbar_0/design_1_xbar_0/design_1_xbar_0_in_context.xdc] for cell 'design_1_i/microblaze_0_axi_periph/xbar'
Finished Parsing XDC File [c:/Users/juandres666/Desktop/Nexys4DDR/project_3/project_3.srcs/sources_1/bd/design_1/ip/design_1_xbar_0/design_1_xbar_0/design_1_xbar_0_in_context.xdc] for cell 'design_1_i/microblaze_0_axi_periph/xbar'
Parsing XDC File [c:/Users/juandres666/Desktop/Nexys4DDR/project_3/project_3.srcs/sources_1/bd/design_1/ip/design_1_axi_timer_0_0/design_1_axi_timer_0_0/design_1_axi_timer_0_0_in_context.xdc] for cell 'design_1_i/axi_timer_0'
Finished Parsing XDC File [c:/Users/juandres666/Desktop/Nexys4DDR/project_3/project_3.srcs/sources_1/bd/design_1/ip/design_1_axi_timer_0_0/design_1_axi_timer_0_0/design_1_axi_timer_0_0_in_context.xdc] for cell 'design_1_i/axi_timer_0'
Parsing XDC File [c:/Users/juandres666/Desktop/Nexys4DDR/project_2/project_2.srcs/sources_1/bd/design_1/ip/design_1_axi_gpio_1_1/design_1_axi_gpio_1_1/design_1_axi_gpio_1_1_in_context.xdc] for cell 'design_1_i/axi_gpio_1'
Finished Parsing XDC File [c:/Users/juandres666/Desktop/Nexys4DDR/project_2/project_2.srcs/sources_1/bd/design_1/ip/design_1_axi_gpio_1_1/design_1_axi_gpio_1_1/design_1_axi_gpio_1_1_in_context.xdc] for cell 'design_1_i/axi_gpio_1'
Parsing XDC File [c:/Users/juandres666/Desktop/Nexys4DDR/project_3/project_3.srcs/sources_1/bd/design_1/ip/design_1_axi_intc_0_0/design_1_axi_intc_0_0/design_1_axi_intc_0_0_in_context.xdc] for cell 'design_1_i/axi_intc_0'
Finished Parsing XDC File [c:/Users/juandres666/Desktop/Nexys4DDR/project_3/project_3.srcs/sources_1/bd/design_1/ip/design_1_axi_intc_0_0/design_1_axi_intc_0_0/design_1_axi_intc_0_0_in_context.xdc] for cell 'design_1_i/axi_intc_0'
Parsing XDC File [C:/Users/juandres666/Desktop/Nexys4DDR/project_3/project_3.srcs/constrs_1/new/Nexys-4-DDR-Master.xdc]
Finished Parsing XDC File [C:/Users/juandres666/Desktop/Nexys4DDR/project_3/project_3.srcs/constrs_1/new/Nexys-4-DDR-Master.xdc]
INFO: [Project 1-236] Implementation specific constraints were found while reading constraint file [C:/Users/juandres666/Desktop/Nexys4DDR/project_3/project_3.srcs/constrs_1/new/Nexys-4-DDR-Master.xdc]. These constraints will be ignored for synthesis but will be used in implementation. Impacted constraints are listed in the file [.Xil/design_1_wrapper_propImpl.xdc].
Resolution: To avoid this warning, move constraints listed in [.Xil/design_1_wrapper_propImpl.xdc] to another XDC file and exclude this new file from synthesis with the used_in_synthesis property (File Properties dialog in GUI) and re-run elaboration/synthesis.
Parsing XDC File [C:/Users/juandres666/Desktop/Nexys4DDR/project_3/project_3.runs/synth_1/dont_touch.xdc]
Finished Parsing XDC File [C:/Users/juandres666/Desktop/Nexys4DDR/project_3/project_3.runs/synth_1/dont_touch.xdc]
Completed Processing XDC Constraints

INFO: [Project 1-111] Unisim Transformation Summary:
  A total of 16 instances were transformed.
  IOBUF => IOBUF (IBUF, OBUFT): 16 instances

Constraint Validation Runtime : Time (s): cpu = 00:00:00 ; elapsed = 00:00:00.014 . Memory (MB): peak = 835.098 ; gain = 0.074
WARNING: [Timing 38-316] Clock period '20.000' specified during out-of-context synthesis of instance 'design_1_i/microblaze_0_local_memory/lmb_bram' at clock pin 'clka' is different from the actual clock period '10.000', this can lead to different synthesis results.
---------------------------------------------------------------------------------
Finished Constraint Validation : Time (s): cpu = 00:00:16 ; elapsed = 00:00:22 . Memory (MB): peak = 836.664 ; gain = 476.094
---------------------------------------------------------------------------------
---------------------------------------------------------------------------------
Start Loading Part and Timing Information
---------------------------------------------------------------------------------
Loading part: xc7a100tcsg324-1
---------------------------------------------------------------------------------
Finished Loading Part and Timing Information : Time (s): cpu = 00:00:16 ; elapsed = 00:00:22 . Memory (MB): peak = 836.664 ; gain = 476.094
---------------------------------------------------------------------------------
---------------------------------------------------------------------------------
Start Applying 'set_property' XDC Constraints
---------------------------------------------------------------------------------
Applied set_property IO_BUFFER_TYPE = NONE for sys_clock. (constraint file  c:/Users/juandres666/Desktop/Nexys4DDR/project_3/project_3.srcs/sources_1/bd/design_1/ip/design_1_clk_wiz_1_0/design_1_clk_wiz_1_0/design_1_clk_wiz_1_0_in_context.xdc, line 3).
Applied set_property CLOCK_BUFFER_TYPE = NONE for sys_clock. (constraint file  c:/Users/juandres666/Desktop/Nexys4DDR/project_3/project_3.srcs/sources_1/bd/design_1/ip/design_1_clk_wiz_1_0/design_1_clk_wiz_1_0/design_1_clk_wiz_1_0_in_context.xdc, line 4).
Applied set_property DONT_TOUCH = true for design_1_i. (constraint file  auto generated constraint, line ).
Applied set_property DONT_TOUCH = true for design_1_i/axi_gpio_0. (constraint file  auto generated constraint, line ).
Applied set_property DONT_TOUCH = true for design_1_i/microblaze_0. (constraint file  auto generated constraint, line ).
Applied set_property DONT_TOUCH = true for design_1_i/mdm_1. (constraint file  auto generated constraint, line ).
Applied set_property DONT_TOUCH = true for design_1_i/clk_wiz_1. (constraint file  auto generated constraint, line ).
Applied set_property DONT_TOUCH = true for design_1_i/rst_clk_wiz_1_100M. (constraint file  auto generated constraint, line ).
Applied set_property DONT_TOUCH = true for design_1_i/microblaze_0_axi_periph. (constraint file  auto generated constraint, line ).
Applied set_property DONT_TOUCH = true for design_1_i/microblaze_0_local_memory/dlmb_v10. (constraint file  auto generated constraint, line ).
Applied set_property DONT_TOUCH = true for design_1_i/microblaze_0_local_memory/ilmb_v10. (constraint file  auto generated constraint, line ).
Applied set_property DONT_TOUCH = true for design_1_i/microblaze_0_local_memory/dlmb_bram_if_cntlr. (constraint file  auto generated constraint, line ).
Applied set_property DONT_TOUCH = true for design_1_i/microblaze_0_local_memory/ilmb_bram_if_cntlr. (constraint file  auto generated constraint, line ).
Applied set_property DONT_TOUCH = true for design_1_i/microblaze_0_local_memory/lmb_bram. (constraint file  auto generated constraint, line ).
Applied set_property DONT_TOUCH = true for design_1_i/xadc_wiz_0. (constraint file  auto generated constraint, line ).
Applied set_property DONT_TOUCH = true for design_1_i/microblaze_0_axi_periph/xbar. (constraint file  auto generated constraint, line ).
Applied set_property DONT_TOUCH = true for design_1_i/axi_timer_0. (constraint file  auto generated constraint, line ).
Applied set_property DONT_TOUCH = true for design_1_i/axi_gpio_1. (constraint file  auto generated constraint, line ).
Applied set_property DONT_TOUCH = true for design_1_i/axi_intc_0. (constraint file  auto generated constraint, line ).
---------------------------------------------------------------------------------
Finished applying 'set_property' XDC Constraints : Time (s): cpu = 00:00:16 ; elapsed = 00:00:22 . Memory (MB): peak = 836.664 ; gain = 476.094
---------------------------------------------------------------------------------
---------------------------------------------------------------------------------
Finished RTL Optimization Phase 2 : Time (s): cpu = 00:00:17 ; elapsed = 00:00:23 . Memory (MB): peak = 836.664 ; gain = 476.094
---------------------------------------------------------------------------------

Report RTL Partitions: 
+-+--------------+------------+----------+
| |RTL Partition |Replication |Instances |
+-+--------------+------------+----------+
+-+--------------+------------+----------+
---------------------------------------------------------------------------------
Start RTL Component Statistics 
---------------------------------------------------------------------------------
Detailed RTL Component Info : 
---------------------------------------------------------------------------------
Finished RTL Component Statistics 
---------------------------------------------------------------------------------
---------------------------------------------------------------------------------
Start RTL Hierarchical Component Statistics 
---------------------------------------------------------------------------------
Hierarchical RTL Component report 
---------------------------------------------------------------------------------
Finished RTL Hierarchical Component Statistics
---------------------------------------------------------------------------------
---------------------------------------------------------------------------------
Start Part Resource Summary
---------------------------------------------------------------------------------
Part Resources:
DSPs: 240 (col length:80)
BRAMs: 270 (col length: RAMB18 80 RAMB36 40)
---------------------------------------------------------------------------------
Finished Part Resource Summary
---------------------------------------------------------------------------------
---------------------------------------------------------------------------------
Start Cross Boundary and Area Optimization
---------------------------------------------------------------------------------
Warning: Parallel synthesis criteria is not met 
WARNING: [Synth 8-3331] design design_1_microblaze_0_axi_periph_2 has unconnected port M00_ACLK
WARNING: [Synth 8-3331] design design_1_microblaze_0_axi_periph_2 has unconnected port M00_ARESETN
WARNING: [Synth 8-3331] design design_1_microblaze_0_axi_periph_2 has unconnected port M01_ACLK
WARNING: [Synth 8-3331] design design_1_microblaze_0_axi_periph_2 has unconnected port M01_ARESETN
WARNING: [Synth 8-3331] design design_1_microblaze_0_axi_periph_2 has unconnected port M02_ACLK
WARNING: [Synth 8-3331] design design_1_microblaze_0_axi_periph_2 has unconnected port M02_ARESETN
WARNING: [Synth 8-3331] design design_1_microblaze_0_axi_periph_2 has unconnected port M03_ACLK
WARNING: [Synth 8-3331] design design_1_microblaze_0_axi_periph_2 has unconnected port M03_ARESETN
WARNING: [Synth 8-3331] design design_1_microblaze_0_axi_periph_2 has unconnected port M04_ACLK
WARNING: [Synth 8-3331] design design_1_microblaze_0_axi_periph_2 has unconnected port M04_ARESETN
WARNING: [Synth 8-3331] design design_1_microblaze_0_axi_periph_2 has unconnected port S00_ACLK
WARNING: [Synth 8-3331] design design_1_microblaze_0_axi_periph_2 has unconnected port S00_ARESETN
---------------------------------------------------------------------------------
Finished Cross Boundary and Area Optimization : Time (s): cpu = 00:00:18 ; elapsed = 00:00:24 . Memory (MB): peak = 836.664 ; gain = 476.094
---------------------------------------------------------------------------------

Report RTL Partitions: 
+-+--------------+------------+----------+
| |RTL Partition |Replication |Instances |
+-+--------------+------------+----------+
+-+--------------+------------+----------+
---------------------------------------------------------------------------------
Start Applying XDC Timing Constraints
---------------------------------------------------------------------------------
INFO: [Synth 8-5578] Moved timing constraint from pin 'design_1_i/mdm_1/Dbg_Clk_0' to pin 'design_1_i/mdm_1/bbstub_Dbg_Clk_0/O'
INFO: [Synth 8-5578] Moved timing constraint from pin 'design_1_i/mdm_1/Dbg_Update_0' to pin 'design_1_i/mdm_1/bbstub_Dbg_Update_0/O'
INFO: [Synth 8-5578] Moved timing constraint from pin 'design_1_i/clk_wiz_1/clk_out1' to pin 'design_1_i/clk_wiz_1/bbstub_clk_out1/O'
INFO: [Synth 8-5578] Moved timing constraint from pin 'design_1_i/microblaze_0_local_memory/dlmb_bram_if_cntlr/BRAM_Clk_A' to pin 'design_1_i/microblaze_0_local_memory/dlmb_bram_if_cntlr/bbstub_BRAM_Clk_A/O'
INFO: [Synth 8-5578] Moved timing constraint from pin 'design_1_i/microblaze_0_local_memory/ilmb_bram_if_cntlr/BRAM_Clk_A' to pin 'design_1_i/microblaze_0_local_memory/ilmb_bram_if_cntlr/bbstub_BRAM_Clk_A/O'
INFO: [Synth 8-5819] Moved 5 constraints on hierarchical pins to their respective driving/loading pins
---------------------------------------------------------------------------------
Finished Applying XDC Timing Constraints : Time (s): cpu = 00:00:28 ; elapsed = 00:00:36 . Memory (MB): peak = 836.664 ; gain = 476.094
---------------------------------------------------------------------------------
---------------------------------------------------------------------------------
Start Timing Optimization
---------------------------------------------------------------------------------
---------------------------------------------------------------------------------
Finished Timing Optimization : Time (s): cpu = 00:00:28 ; elapsed = 00:00:36 . Memory (MB): peak = 836.664 ; gain = 476.094
---------------------------------------------------------------------------------

Report RTL Partitions: 
+-+--------------+------------+----------+
| |RTL Partition |Replication |Instances |
+-+--------------+------------+----------+
+-+--------------+------------+----------+
---------------------------------------------------------------------------------
Start Technology Mapping
---------------------------------------------------------------------------------
---------------------------------------------------------------------------------
Finished Technology Mapping : Time (s): cpu = 00:00:28 ; elapsed = 00:00:36 . Memory (MB): peak = 836.664 ; gain = 476.094
---------------------------------------------------------------------------------

Report RTL Partitions: 
+-+--------------+------------+----------+
| |RTL Partition |Replication |Instances |
+-+--------------+------------+----------+
+-+--------------+------------+----------+
---------------------------------------------------------------------------------
Start IO Insertion
---------------------------------------------------------------------------------
---------------------------------------------------------------------------------
Start Flattening Before IO Insertion
---------------------------------------------------------------------------------
---------------------------------------------------------------------------------
Finished Flattening Before IO Insertion
---------------------------------------------------------------------------------
---------------------------------------------------------------------------------
Start Final Netlist Cleanup
---------------------------------------------------------------------------------
---------------------------------------------------------------------------------
Finished Final Netlist Cleanup
---------------------------------------------------------------------------------
---------------------------------------------------------------------------------
Finished IO Insertion : Time (s): cpu = 00:00:30 ; elapsed = 00:00:37 . Memory (MB): peak = 836.664 ; gain = 476.094
---------------------------------------------------------------------------------

Report Check Netlist: 
+------+------------------+-------+---------+-------+------------------+
|      |Item              |Errors |Warnings |Status |Description       |
+------+------------------+-------+---------+-------+------------------+
|1     |multi_driven_nets |      0|        0|Passed |Multi driven nets |
+------+------------------+-------+---------+-------+------------------+
---------------------------------------------------------------------------------
Start Renaming Generated Instances
---------------------------------------------------------------------------------
---------------------------------------------------------------------------------
Finished Renaming Generated Instances : Time (s): cpu = 00:00:30 ; elapsed = 00:00:37 . Memory (MB): peak = 836.664 ; gain = 476.094
---------------------------------------------------------------------------------

Report RTL Partitions: 
+-+--------------+------------+----------+
| |RTL Partition |Replication |Instances |
+-+--------------+------------+----------+
+-+--------------+------------+----------+
---------------------------------------------------------------------------------
Start Rebuilding User Hierarchy
---------------------------------------------------------------------------------
---------------------------------------------------------------------------------
Finished Rebuilding User Hierarchy : Time (s): cpu = 00:00:30 ; elapsed = 00:00:37 . Memory (MB): peak = 836.664 ; gain = 476.094
---------------------------------------------------------------------------------
---------------------------------------------------------------------------------
Start Renaming Generated Ports
---------------------------------------------------------------------------------
---------------------------------------------------------------------------------
Finished Renaming Generated Ports : Time (s): cpu = 00:00:30 ; elapsed = 00:00:37 . Memory (MB): peak = 836.664 ; gain = 476.094
---------------------------------------------------------------------------------
---------------------------------------------------------------------------------
Start Handling Custom Attributes
---------------------------------------------------------------------------------
---------------------------------------------------------------------------------
Finished Handling Custom Attributes : Time (s): cpu = 00:00:30 ; elapsed = 00:00:37 . Memory (MB): peak = 836.664 ; gain = 476.094
---------------------------------------------------------------------------------
---------------------------------------------------------------------------------
Start Renaming Generated Nets
---------------------------------------------------------------------------------
---------------------------------------------------------------------------------
Finished Renaming Generated Nets : Time (s): cpu = 00:00:30 ; elapsed = 00:00:37 . Memory (MB): peak = 836.664 ; gain = 476.094
---------------------------------------------------------------------------------
---------------------------------------------------------------------------------
Start Writing Synthesis Report
---------------------------------------------------------------------------------

Report BlackBoxes: 
+------+------------------------------+----------+
|      |BlackBox name                 |Instances |
+------+------------------------------+----------+
|1     |design_1_xbar_0               |         1|
|2     |design_1_axi_gpio_0_0         |         1|
|3     |design_1_axi_gpio_1_1         |         1|
|4     |design_1_axi_intc_0_0         |         1|
|5     |design_1_axi_timer_0_0        |         1|
|6     |design_1_clk_wiz_1_0          |         1|
|7     |design_1_mdm_1_0              |         1|
|8     |design_1_microblaze_0_0       |         1|
|9     |design_1_rst_clk_wiz_1_100M_0 |         1|
|10    |design_1_xadc_wiz_0_0         |         1|
|11    |design_1_dlmb_bram_if_cntlr_0 |         1|
|12    |design_1_dlmb_v10_0           |         1|
|13    |design_1_ilmb_bram_if_cntlr_0 |         1|
|14    |design_1_ilmb_v10_0           |         1|
|15    |design_1_lmb_bram_0           |         1|
+------+------------------------------+----------+

Report Cell Usage: 
+------+--------------------------------------+------+
|      |Cell                                  |Count |
+------+--------------------------------------+------+
|1     |design_1_axi_gpio_0_0_bbox_0          |     1|
|2     |design_1_axi_gpio_1_1_bbox_1          |     1|
|3     |design_1_axi_intc_0_0_bbox_2          |     1|
|4     |design_1_axi_timer_0_0_bbox_3         |     1|
|5     |design_1_clk_wiz_1_0_bbox_4           |     1|
|6     |design_1_dlmb_bram_if_cntlr_0_bbox_8  |     1|
|7     |design_1_dlmb_v10_0_bbox_9            |     1|
|8     |design_1_ilmb_bram_if_cntlr_0_bbox_10 |     1|
|9     |design_1_ilmb_v10_0_bbox_11           |     1|
|10    |design_1_lmb_bram_0_bbox_12           |     1|
|11    |design_1_mdm_1_0_bbox_5               |     1|
|12    |design_1_microblaze_0_0_bbox_6        |     1|
|13    |design_1_rst_clk_wiz_1_100M_0_bbox_13 |     1|
|14    |design_1_xadc_wiz_0_0_bbox_14         |     1|
|15    |design_1_xbar_0_bbox_7                |     1|
|16    |IBUF                                  |    24|
|17    |IOBUF                                 |    16|
|18    |OBUF                                  |     2|
+------+--------------------------------------+------+

Report Instance Areas: 
+------+------------------------------+--------------------------------------+------+
|      |Instance                      |Module                                |Cells |
+------+------------------------------+--------------------------------------+------+
|1     |top                           |                                      |  1662|
|2     |  design_1_i                  |design_1                              |  1620|
|3     |    microblaze_0_axi_periph   |design_1_microblaze_0_axi_periph_2    |   596|
|4     |    microblaze_0_local_memory |microblaze_0_local_memory_imp_1K0VQXK |   496|
+------+------------------------------+--------------------------------------+------+
---------------------------------------------------------------------------------
Finished Writing Synthesis Report : Time (s): cpu = 00:00:30 ; elapsed = 00:00:37 . Memory (MB): peak = 836.664 ; gain = 476.094
---------------------------------------------------------------------------------
Synthesis finished with 0 errors, 0 critical warnings and 12 warnings.
Synthesis Optimization Runtime : Time (s): cpu = 00:00:17 ; elapsed = 00:00:25 . Memory (MB): peak = 836.664 ; gain = 157.594
Synthesis Optimization Complete : Time (s): cpu = 00:00:30 ; elapsed = 00:00:37 . Memory (MB): peak = 836.664 ; gain = 476.094
INFO: [Project 1-571] Translating synthesized netlist
INFO: [Netlist 29-17] Analyzing 40 Unisim elements for replacement
INFO: [Netlist 29-28] Unisim Transformation completed in 0 CPU seconds
INFO: [Project 1-570] Preparing netlist for logic optimization
INFO: [Opt 31-138] Pushed 0 inverter(s) to 0 load pin(s).
INFO: [Project 1-111] Unisim Transformation Summary:
  A total of 16 instances were transformed.
  IOBUF => IOBUF (IBUF, OBUFT): 16 instances

INFO: [Common 17-83] Releasing license: Synthesis
92 Infos, 37 Warnings, 0 Critical Warnings and 0 Errors encountered.
synth_design completed successfully
synth_design: Time (s): cpu = 00:00:32 ; elapsed = 00:00:41 . Memory (MB): peak = 854.891 ; gain = 501.238
WARNING: [Constraints 18-5210] No constraint will be written out.
INFO: [Common 17-1381] The checkpoint 'C:/Users/juandres666/Desktop/Nexys4DDR/project_3/project_3.runs/synth_1/design_1_wrapper.dcp' has been generated.
INFO: [runtcl-4] Executing : report_utilization -file design_1_wrapper_utilization_synth.rpt -pb design_1_wrapper_utilization_synth.pb
report_utilization: Time (s): cpu = 00:00:00 ; elapsed = 00:00:00.050 . Memory (MB): peak = 855.211 ; gain = 0.000
INFO: [Common 17-206] Exiting Vivado at Sat Jan  5 18:53:28 2019...
