Release 14.7 Xflow P.20131013 (nt64)
Copyright (c) 1995-2013 Xilinx, Inc.  All rights reserved.
xflow.exe -wd implementation -p xc3s500efg320-5 -implement xflow.opt system.ngc 
 
PMSPEC -- Overriding Xilinx file
<C:/Xilinx/14.7/ISE_DS/EDK/spartan3/data/spartan3.acd> with local file
<C:/Xilinx/14.7/ISE_DS/ISE/spartan3/data/spartan3.acd>

Using Flow File: F:/4/tp_SOC/implementation/fpga.flw 
Using Option File(s): 
 F:/4/tp_SOC/implementation/xflow.opt 

Creating Script File ... 

#----------------------------------------------#
# Starting program ngdbuild
# ngdbuild -p xc3s500efg320-5 -nt timestamp -bm system.bmm
"F:/4/tp_SOC/implementation/system.ngc" -uc system.ucf system.ngd 
#----------------------------------------------#
Release 14.7 - ngdbuild P.20131013 (nt64)
Copyright (c) 1995-2013 Xilinx, Inc.  All rights reserved.
PMSPEC -- Overriding Xilinx file
<C:/Xilinx/14.7/ISE_DS/EDK/spartan3/data/spartan3.acd> with local file
<C:/Xilinx/14.7/ISE_DS/ISE/spartan3/data/spartan3.acd>

Command Line: C:\Xilinx\14.7\ISE_DS\ISE\bin\nt64\unwrapped\ngdbuild.exe -p
xc3s500efg320-5 -nt timestamp -bm system.bmm
F:/4/tp_SOC/implementation/system.ngc -uc system.ucf system.ngd

Reading NGO file "F:/4/tp_SOC/implementation/system.ngc" ...
Loading design module
"F:/4/tp_SOC/implementation/system_microblaze_0_wrapper.ngc"...
Loading design module
"F:/4/tp_SOC/implementation/system_data_lmb_wrapper.ngc"...
Loading design module
"F:/4/tp_SOC/implementation/system_inst_lmb_wrapper.ngc"...
Loading design module
"F:/4/tp_SOC/implementation/system_plb_v46_0_wrapper.ngc"...
Loading design module
"F:/4/tp_SOC/implementation/system_bram_block_0_wrapper.ngc"...
Loading design module
"F:/4/tp_SOC/implementation/system_data_ctrl_wrapper.ngc"...
Loading design module
"F:/4/tp_SOC/implementation/system_inst_ctrl_wrapper.ngc"...
Loading design module
"F:/4/tp_SOC/implementation/system_clock_generator_0_wrapper.ngc"...
Loading design module "F:/4/tp_SOC/implementation/system_reset_0_wrapper.ngc"...
Loading design module
"F:/4/tp_SOC/implementation/system_xps_gpio_0_wrapper.ngc"...
Loading design module
"F:/4/tp_SOC/implementation/system_xps_gpio_1_wrapper.ngc"...
Loading design module
"F:/4/tp_SOC/implementation/system_xps_spi_0_wrapper.ngc"...
Loading design module
"F:/4/tp_SOC/implementation/system_xps_timer_0_wrapper.ngc"...
Gathering constraint information from source properties...
Done.

Annotating constraints to design from ucf file "system.ucf" ...
Resolving constraint associations...
Checking Constraint Associations...
Done...

Processing BMM file "system.bmm" ...

Checking expanded design ...
WARNING:NgdBuild:443 - SFF primitive
   'microblaze_0/microblaze_0/MicroBlaze_Core_I/Performance.Decode_I/Using_FPGA.
   Gen_Bits[31].MEM_EX_Result_Inst' has unconnected output pin
WARNING:NgdBuild:443 - SFF primitive
   'microblaze_0/microblaze_0/MicroBlaze_Core_I/Performance.Decode_I/Using_FPGA.
   Gen_Bits[30].MEM_EX_Result_Inst' has unconnected output pin
WARNING:NgdBuild:443 - SFF primitive
   'microblaze_0/microblaze_0/MicroBlaze_Core_I/Performance.Decode_I/Using_FPGA.
   Gen_Bits[29].MEM_EX_Result_Inst' has unconnected output pin
WARNING:NgdBuild:443 - SFF primitive
   'microblaze_0/microblaze_0/MicroBlaze_Core_I/Performance.Decode_I/Using_FPGA.
   Gen_Bits[28].MEM_EX_Result_Inst' has unconnected output pin
WARNING:NgdBuild:443 - SFF primitive
   'microblaze_0/microblaze_0/MicroBlaze_Core_I/Performance.Decode_I/Using_FPGA.
   Gen_Bits[27].MEM_EX_Result_Inst' has unconnected output pin
WARNING:NgdBuild:443 - SFF primitive
   'xps_timer_0/xps_timer_0/TC_CORE_I/TIMER_CONTROL_I/TCSR0_GENERATE[0].TCSR0_FF
   _I' has unconnected output pin
WARNING:NgdBuild:443 - SFF primitive
   'xps_timer_0/xps_timer_0/TC_CORE_I/TIMER_CONTROL_I/TCSR0_GENERATE[1].TCSR0_FF
   _I' has unconnected output pin
WARNING:NgdBuild:443 - SFF primitive
   'xps_timer_0/xps_timer_0/TC_CORE_I/TIMER_CONTROL_I/TCSR0_GENERATE[2].TCSR0_FF
   _I' has unconnected output pin
WARNING:NgdBuild:443 - SFF primitive
   'xps_timer_0/xps_timer_0/TC_CORE_I/TIMER_CONTROL_I/TCSR0_GENERATE[3].TCSR0_FF
   _I' has unconnected output pin
WARNING:NgdBuild:443 - SFF primitive
   'xps_timer_0/xps_timer_0/TC_CORE_I/TIMER_CONTROL_I/TCSR0_GENERATE[4].TCSR0_FF
   _I' has unconnected output pin
WARNING:NgdBuild:443 - SFF primitive
   'xps_timer_0/xps_timer_0/TC_CORE_I/TIMER_CONTROL_I/TCSR0_GENERATE[5].TCSR0_FF
   _I' has unconnected output pin
WARNING:NgdBuild:443 - SFF primitive
   'xps_timer_0/xps_timer_0/TC_CORE_I/TIMER_CONTROL_I/TCSR0_GENERATE[6].TCSR0_FF
   _I' has unconnected output pin
WARNING:NgdBuild:443 - SFF primitive
   'xps_timer_0/xps_timer_0/TC_CORE_I/TIMER_CONTROL_I/TCSR0_GENERATE[7].TCSR0_FF
   _I' has unconnected output pin
WARNING:NgdBuild:443 - SFF primitive
   'xps_timer_0/xps_timer_0/TC_CORE_I/TIMER_CONTROL_I/TCSR0_GENERATE[8].TCSR0_FF
   _I' has unconnected output pin
WARNING:NgdBuild:443 - SFF primitive
   'xps_timer_0/xps_timer_0/TC_CORE_I/TIMER_CONTROL_I/TCSR0_GENERATE[9].TCSR0_FF
   _I' has unconnected output pin
WARNING:NgdBuild:443 - SFF primitive
   'xps_timer_0/xps_timer_0/TC_CORE_I/TIMER_CONTROL_I/TCSR0_GENERATE[10].TCSR0_F
   F_I' has unconnected output pin
WARNING:NgdBuild:443 - SFF primitive
   'xps_timer_0/xps_timer_0/TC_CORE_I/TIMER_CONTROL_I/TCSR0_GENERATE[11].TCSR0_F
   F_I' has unconnected output pin
WARNING:NgdBuild:443 - SFF primitive
   'xps_timer_0/xps_timer_0/TC_CORE_I/TIMER_CONTROL_I/TCSR0_GENERATE[12].TCSR0_F
   F_I' has unconnected output pin
WARNING:NgdBuild:443 - SFF primitive
   'xps_timer_0/xps_timer_0/TC_CORE_I/TIMER_CONTROL_I/TCSR0_GENERATE[13].TCSR0_F
   F_I' has unconnected output pin
WARNING:NgdBuild:443 - SFF primitive
   'xps_timer_0/xps_timer_0/TC_CORE_I/TIMER_CONTROL_I/TCSR0_GENERATE[14].TCSR0_F
   F_I' has unconnected output pin
WARNING:NgdBuild:443 - SFF primitive
   'xps_timer_0/xps_timer_0/TC_CORE_I/TIMER_CONTROL_I/TCSR0_GENERATE[15].TCSR0_F
   F_I' has unconnected output pin
WARNING:NgdBuild:443 - SFF primitive
   'xps_timer_0/xps_timer_0/TC_CORE_I/TIMER_CONTROL_I/TCSR0_GENERATE[16].TCSR0_F
   F_I' has unconnected output pin
WARNING:NgdBuild:443 - SFF primitive
   'xps_timer_0/xps_timer_0/TC_CORE_I/TIMER_CONTROL_I/TCSR0_GENERATE[17].TCSR0_F
   F_I' has unconnected output pin
WARNING:NgdBuild:443 - SFF primitive
   'xps_timer_0/xps_timer_0/TC_CORE_I/TIMER_CONTROL_I/TCSR0_GENERATE[18].TCSR0_F
   F_I' has unconnected output pin
WARNING:NgdBuild:443 - SFF primitive
   'xps_timer_0/xps_timer_0/TC_CORE_I/TIMER_CONTROL_I/TCSR0_GENERATE[19].TCSR0_F
   F_I' has unconnected output pin
WARNING:NgdBuild:443 - SFF primitive
   'xps_timer_0/xps_timer_0/TC_CORE_I/TIMER_CONTROL_I/TCSR0_GENERATE[20].TCSR0_F
   F_I' has unconnected output pin
WARNING:NgdBuild:443 - SFF primitive
   'xps_timer_0/xps_timer_0/TC_CORE_I/TIMER_CONTROL_I/TCSR1_GENERATE[0].TCSR1_FF
   _I' has unconnected output pin
WARNING:NgdBuild:443 - SFF primitive
   'xps_timer_0/xps_timer_0/TC_CORE_I/TIMER_CONTROL_I/TCSR1_GENERATE[1].TCSR1_FF
   _I' has unconnected output pin
WARNING:NgdBuild:443 - SFF primitive
   'xps_timer_0/xps_timer_0/TC_CORE_I/TIMER_CONTROL_I/TCSR1_GENERATE[2].TCSR1_FF
   _I' has unconnected output pin
WARNING:NgdBuild:443 - SFF primitive
   'xps_timer_0/xps_timer_0/TC_CORE_I/TIMER_CONTROL_I/TCSR1_GENERATE[3].TCSR1_FF
   _I' has unconnected output pin
WARNING:NgdBuild:443 - SFF primitive
   'xps_timer_0/xps_timer_0/TC_CORE_I/TIMER_CONTROL_I/TCSR1_GENERATE[4].TCSR1_FF
   _I' has unconnected output pin
WARNING:NgdBuild:443 - SFF primitive
   'xps_timer_0/xps_timer_0/TC_CORE_I/TIMER_CONTROL_I/TCSR1_GENERATE[5].TCSR1_FF
   _I' has unconnected output pin
WARNING:NgdBuild:443 - SFF primitive
   'xps_timer_0/xps_timer_0/TC_CORE_I/TIMER_CONTROL_I/TCSR1_GENERATE[6].TCSR1_FF
   _I' has unconnected output pin
WARNING:NgdBuild:443 - SFF primitive
   'xps_timer_0/xps_timer_0/TC_CORE_I/TIMER_CONTROL_I/TCSR1_GENERATE[7].TCSR1_FF
   _I' has unconnected output pin
WARNING:NgdBuild:443 - SFF primitive
   'xps_timer_0/xps_timer_0/TC_CORE_I/TIMER_CONTROL_I/TCSR1_GENERATE[8].TCSR1_FF
   _I' has unconnected output pin
WARNING:NgdBuild:443 - SFF primitive
   'xps_timer_0/xps_timer_0/TC_CORE_I/TIMER_CONTROL_I/TCSR1_GENERATE[9].TCSR1_FF
   _I' has unconnected output pin
WARNING:NgdBuild:443 - SFF primitive
   'xps_timer_0/xps_timer_0/TC_CORE_I/TIMER_CONTROL_I/TCSR1_GENERATE[10].TCSR1_F
   F_I' has unconnected output pin
WARNING:NgdBuild:443 - SFF primitive
   'xps_timer_0/xps_timer_0/TC_CORE_I/TIMER_CONTROL_I/TCSR1_GENERATE[11].TCSR1_F
   F_I' has unconnected output pin
WARNING:NgdBuild:443 - SFF primitive
   'xps_timer_0/xps_timer_0/TC_CORE_I/TIMER_CONTROL_I/TCSR1_GENERATE[12].TCSR1_F
   F_I' has unconnected output pin
WARNING:NgdBuild:443 - SFF primitive
   'xps_timer_0/xps_timer_0/TC_CORE_I/TIMER_CONTROL_I/TCSR1_GENERATE[13].TCSR1_F
   F_I' has unconnected output pin
WARNING:NgdBuild:443 - SFF primitive
   'xps_timer_0/xps_timer_0/TC_CORE_I/TIMER_CONTROL_I/TCSR1_GENERATE[14].TCSR1_F
   F_I' has unconnected output pin
WARNING:NgdBuild:443 - SFF primitive
   'xps_timer_0/xps_timer_0/TC_CORE_I/TIMER_CONTROL_I/TCSR1_GENERATE[15].TCSR1_F
   F_I' has unconnected output pin
WARNING:NgdBuild:443 - SFF primitive
   'xps_timer_0/xps_timer_0/TC_CORE_I/TIMER_CONTROL_I/TCSR1_GENERATE[16].TCSR1_F
   F_I' has unconnected output pin
WARNING:NgdBuild:443 - SFF primitive
   'xps_timer_0/xps_timer_0/TC_CORE_I/TIMER_CONTROL_I/TCSR1_GENERATE[17].TCSR1_F
   F_I' has unconnected output pin
WARNING:NgdBuild:443 - SFF primitive
   'xps_timer_0/xps_timer_0/TC_CORE_I/TIMER_CONTROL_I/TCSR1_GENERATE[18].TCSR1_F
   F_I' has unconnected output pin
WARNING:NgdBuild:443 - SFF primitive
   'xps_timer_0/xps_timer_0/TC_CORE_I/TIMER_CONTROL_I/TCSR1_GENERATE[19].TCSR1_F
   F_I' has unconnected output pin
WARNING:NgdBuild:443 - SFF primitive
   'xps_timer_0/xps_timer_0/TC_CORE_I/TIMER_CONTROL_I/TCSR1_GENERATE[20].TCSR1_F
   F_I' has unconnected output pin

Partition Implementation Status
-------------------------------

  No Partitions were found in this design.

-------------------------------

NGDBUILD Design Results Summary:
  Number of errors:     0
  Number of warnings:  47

Writing NGD file "system.ngd" ...
Total REAL time to NGDBUILD completion:  36 sec
Total CPU time to NGDBUILD completion:   16 sec

Writing NGDBUILD log file "system.bld"...

NGDBUILD done.



#----------------------------------------------#
# Starting program map
# map -o system_map.ncd -pr b -ol high -timing -detail system.ngd system.pcf 
#----------------------------------------------#
Release 14.7 - Map P.20131013 (nt64)
Copyright (c) 1995-2013 Xilinx, Inc.  All rights reserved.
PMSPEC -- Overriding Xilinx file
<C:/Xilinx/14.7/ISE_DS/EDK/data/Xdh_PrimTypeLib.xda> with local file
<C:/Xilinx/14.7/ISE_DS/ISE/data/Xdh_PrimTypeLib.xda>
Using target part "3s500efg320-5".
vvvvvvvvvvvvvvvvvvvvvvvvvvvvvvvvvvvvvvvvvvvvvvvvvvvvvvvvvvvvvvvvvvvvvv
INFO:Security:50 - The XILINXD_LICENSE_FILE environment variable is set to
'2100@flexwin.enseeiht.fr'.
INFO:Security:52 - The LM_LICENSE_FILE environment variable is set to
'2100@flexwin.enseeiht.fr'.
INFO:Security:54 - 'xc3s500e' is a WebPack part.
WARNING:Security:43 - No license file was found in the standard Xilinx license
directory.
WARNING:Security:44 - Since no license file was found,
       please run the Xilinx License Configuration Manager
       (xlcm or "Manage Xilinx Licenses")
       to assist in obtaining a license.
WARNING:Security:42 - Your license support version '2018.12' for ISE expires in
28 days after which you will not qualify for Xilinx software updates or new
releases.
----------------------------------------------------------------------
Mapping design into LUTs...
Writing file system_map.ngm...
Running directed packing...
Running delay-based LUT packing...
Updating timing models...
Running timing-driven placement...
Total REAL time at the beginning of Placer: 18 secs 
Total CPU  time at the beginning of Placer: 4 secs 

Phase 1.1  Initial Placement Analysis
Phase 1.1  Initial Placement Analysis (Checksum:1fd50101) REAL time: 19 secs 

Phase 2.7  Design Feasibility Check
WARNING:Place:837 - Partially locked IO Bus is found. 
    Following components of the bus are not locked: 
   	 Comp: xps_gpio_0_GPIO_IO_O_pin<2>
   	 Comp: xps_gpio_0_GPIO_IO_O_pin<3>
   	 Comp: xps_gpio_0_GPIO_IO_O_pin<4>
   	 Comp: xps_gpio_0_GPIO_IO_O_pin<5>
   	 Comp: xps_gpio_0_GPIO_IO_O_pin<6>
   	 Comp: xps_gpio_0_GPIO_IO_O_pin<7>

INFO:Place:834 - Only a subset of IOs are locked. Out of 15 IOs, 9 are locked
   and 6 are not locked. If you would like to print the names of these IOs,
   please set the environment variable XIL_PAR_DESIGN_CHECK_VERBOSE to 1. 
Phase 2.7  Design Feasibility Check (Checksum:1fd50101) REAL time: 19 secs 

Phase 3.31  Local Placement Optimization
Phase 3.31  Local Placement Optimization (Checksum:1fd50101) REAL time: 19 secs 

Phase 4.2  Initial Clock and IO Placement
.....
Phase 4.2  Initial Clock and IO Placement (Checksum:3d80ece1) REAL time: 21 secs 

Phase 5.30  Global Clock Region Assignment
Phase 5.30  Global Clock Region Assignment (Checksum:3d80ece1) REAL time: 21 secs 

Phase 6.36  Local Placement Optimization
Phase 6.36  Local Placement Optimization (Checksum:3d80ece1) REAL time: 21 secs 

Phase 7.3  Local Placement Optimization
......
Phase 7.3  Local Placement Optimization (Checksum:a56c6ff4) REAL time: 21 secs 

Phase 8.5  Local Placement Optimization
Phase 8.5  Local Placement Optimization (Checksum:a56c6ff4) REAL time: 22 secs 

Phase 9.8  Global Placement
........................
................................................................
...
................................................................................................
..............................
................
Phase 9.8  Global Placement (Checksum:9da2653c) REAL time: 30 secs 

Phase 10.5  Local Placement Optimization
Phase 10.5  Local Placement Optimization (Checksum:9da2653c) REAL time: 30 secs 

Phase 11.18  Placement Optimization
Phase 11.18  Placement Optimization (Checksum:46a86317) REAL time: 52 secs 

Phase 12.5  Local Placement Optimization
Phase 12.5  Local Placement Optimization (Checksum:46a86317) REAL time: 52 secs 

Total REAL time to Placer completion: 52 secs 
Total CPU  time to Placer completion: 37 secs 
Running post-placement packing...

Design Summary:
Number of errors:      0
Number of warnings:    3
Logic Utilization:
  Number of Slice Flip Flops:         1,619 out of   9,312   17%
  Number of 4 input LUTs:             2,832 out of   9,312   30%
Logic Distribution:
  Number of occupied Slices:          1,819 out of   4,656   39%
    Number of Slices containing only related logic:   1,819 out of   1,819 100%
    Number of Slices containing unrelated logic:          0 out of   1,819   0%
      *See NOTES below for an explanation of the effects of unrelated logic.
  Total Number of 4 input LUTs:       2,873 out of   9,312   30%
    Number used as logic:             2,301
    Number used as a route-thru:         41
    Number used for Dual Port RAMs:     384
      (Two LUTs used per Dual Port RAM)
    Number used as Shift registers:     147

  The Slice Logic Distribution report is not meaningful if the design is
  over-mapped for a non-slice resource or if Placement fails.

  Number of bonded IOBs:                 26 out of     232   11%
    IOB Flip Flops:                      16
  Number of RAMB16s:                      8 out of      20   40%
  Number of BUFGMUXs:                     1 out of      24    4%
  Number of DCMs:                         1 out of       4   25%
  Number of MULT18X18SIOs:                3 out of      20   15%

Average Fanout of Non-Clock Nets:                4.05

Peak Memory Usage:  436 MB
Total REAL time to MAP completion:  57 secs 
Total CPU time to MAP completion:   38 secs 

Mapping completed.
See MAP report file "system_map.mrp" for details.



#----------------------------------------------#
# Starting program par
# par -w -ol high system_map.ncd system.ncd system.pcf 
#----------------------------------------------#
Release 14.7 - par P.20131013 (nt64)
Copyright (c) 1995-2013 Xilinx, Inc.  All rights reserved.
PMSPEC -- Overriding Xilinx file <C:/Xilinx/14.7/ISE_DS/EDK/data/parBmgr.acd> with local file
<C:/Xilinx/14.7/ISE_DS/ISE/data/parBmgr.acd>



Constraints file: system.pcf.
Loading device for application Rf_Device from file '3s500e.nph' in environment
C:\Xilinx\14.7\ISE_DS\ISE\;C:\Xilinx\14.7\ISE_DS\EDK.
   "system" is an NCD, version 3.2, device xc3s500e, package fg320, speed -5
vvvvvvvvvvvvvvvvvvvvvvvvvvvvvvvvvvvvvvvvvvvvvvvvvvvvvvvvvvvvvvvvvvvvvv
INFO:Security:50 - The XILINXD_LICENSE_FILE environment variable is set to '2100@flexwin.enseeiht.fr'.
INFO:Security:52 - The LM_LICENSE_FILE environment variable is set to '2100@flexwin.enseeiht.fr'.
INFO:Security:54 - 'xc3s500e' is a WebPack part.
WARNING:Security:43 - No license file was found in the standard Xilinx license directory.
WARNING:Security:44 - Since no license file was found,
       please run the Xilinx License Configuration Manager
       (xlcm or "Manage Xilinx Licenses")
       to assist in obtaining a license.
WARNING:Security:42 - Your license support version '2018.12' for ISE expires in 28 days after which you will not qualify
for Xilinx software updates or new releases.

----------------------------------------------------------------------

Initializing temperature to 85.000 Celsius. (default - Range: -40.000 to 100.000 Celsius)
Initializing voltage to 1.140 Volts. (default - Range: 1.140 to 1.320 Volts)

INFO:Par:282 - No user timing constraints were detected or you have set the option to ignore timing constraints ("par
   -x"). Place and Route will run in "Performance Evaluation Mode" to automatically improve the performance of all
   internal clocks in this design. Because there are not defined timing requirements, a timing score will not be
   reported in the PAR report in this mode. The PAR timing summary will list the performance achieved for each clock.
   Note: For the fastest runtime, set the effort level to "std".  For best performance, set the effort level to "high".

Device speed data version:  "PRODUCTION 1.27 2013-10-13".



Design Summary Report:

 Number of External IOBs                          26 out of 232    11%

   Number of External Input IOBs                 11

      Number of External Input IBUFs             11
        Number of LOCed External Input IBUFs      2 out of 11     18%


   Number of External Output IOBs                12

      Number of External Output IOBs             12
        Number of LOCed External Output IOBs      6 out of 12     50%


   Number of External Bidir IOBs                  3

      Number of External Bidir IOBs               3
        Number of LOCed External Bidir IOBs       3 out of 3     100%


   Number of BUFGMUXs                        1 out of 24      4%
   Number of DCMs                            1 out of 4      25%
   Number of MULT18X18SIOs                   3 out of 20     15%
   Number of RAMB16s                         8 out of 20     40%
   Number of Slices                       1819 out of 4656   39%
      Number of SLICEMs                    274 out of 2328   11%



Overall effort level (-ol):   High 
Router effort level (-rl):    High 

Starting initial Timing Analysis.  REAL time: 10 secs 
Finished initial Timing Analysis.  REAL time: 10 secs 

WARNING:Par:288 - The signal data_ctrl_BRAM_PORT_BRAM_Addr<31> has no load.  PAR will not attempt to route this signal.
WARNING:Par:288 - The signal data_ctrl_BRAM_PORT_BRAM_Addr<30> has no load.  PAR will not attempt to route this signal.
Starting Router


Phase  1  : 15507 unrouted;      REAL time: 13 secs 

Phase  2  : 13721 unrouted;      REAL time: 14 secs 

Phase  3  : 4744 unrouted;      REAL time: 15 secs 

Phase  4  : 5218 unrouted; (Par is working to improve performance)     REAL time: 17 secs 

Phase  5  : 0 unrouted; (Par is working to improve performance)     REAL time: 25 secs 

Updating file: system.ncd with current fully routed design.

Phase  6  : 0 unrouted; (Par is working to improve performance)     REAL time: 32 secs 

Phase  7  : 0 unrouted; (Par is working to improve performance)     REAL time: 2 mins 14 secs 

Updating file: system.ncd with current fully routed design.

Phase  8  : 0 unrouted; (Par is working to improve performance)     REAL time: 2 mins 34 secs 

Phase  9  : 0 unrouted; (Par is working to improve performance)     REAL time: 2 mins 34 secs 

Phase 10  : 0 unrouted; (Par is working to improve performance)     REAL time: 2 mins 35 secs 

Phase 11  : 0 unrouted; (Par is working to improve performance)     REAL time: 2 mins 35 secs 
WARNING:Route:455 - CLK Net:clock_generator_0_CLKIN_pin_IBUFG may have excessive skew because 
      1 CLK pins and 0 NON_CLK pins failed to route using a CLK template.

Total REAL time to Router completion: 2 mins 35 secs 
Total CPU time to Router completion: 2 mins 16 secs 

Partition Implementation Status
-------------------------------

  No Partitions were found in this design.

-------------------------------

Generating "PAR" statistics.

**************************
Generating Clock Report
**************************

+---------------------+--------------+------+------+------------+-------------+
|        Clock Net    |   Resource   |Locked|Fanout|Net Skew(ns)|Max Delay(ns)|
+---------------------+--------------+------+------+------------+-------------+
|clock_generator_0_CL |              |      |      |            |             |
|               KOUT0 | BUFGMUX_X1Y10| No   | 1563 |  0.075     |  0.177      |
+---------------------+--------------+------+------+------------+-------------+
|clock_generator_0_CL |              |      |      |            |             |
|       KIN_pin_IBUFG |         Local|      |    4 |  0.011     |  1.902      |
+---------------------+--------------+------+------+------------+-------------+

* Net Skew is the difference between the minimum and maximum routing
only delays for the net. Note this is different from Clock Skew which
is reported in TRCE timing report. Clock Skew is the difference between
the minimum and maximum path delays which includes logic delays.

* The fanout is the number of component pins not the individual BEL loads,
for example SLICE loads not FF loads.

Timing Score: 0 (Setup: 0, Hold: 0)

Asterisk (*) preceding a constraint indicates it was not met.
   This may be due to a setup or hold violation.

----------------------------------------------------------------------------------------------------------
  Constraint                                |    Check    | Worst Case |  Best Case | Timing |   Timing   
                                            |             |    Slack   | Achievable | Errors |    Score   
----------------------------------------------------------------------------------------------------------
  Autotimespec constraint for clock net clo | SETUP       |         N/A|     9.893ns|     N/A|           0
  ck_generator_0_CLKOUT0                    | HOLD        |     0.602ns|            |       0|           0
----------------------------------------------------------------------------------------------------------
  Autotimespec constraint for clock net clo | SETUP       |         N/A|     1.453ns|     N/A|           0
  ck_generator_0_CLKIN_pin_IBUFG            | HOLD        |     0.693ns|            |       0|           0
                                            | MINPERIOD   |         N/A|     3.635ns|     N/A|           0
----------------------------------------------------------------------------------------------------------


Derived Constraint Report
Review Timing Report for more details on the following derived constraints.
To create a Timing Report, run "trce -v 12 -fastpaths -o design_timing_report design.ncd design.pcf"
or "Run Timing Analysis" from Timing Analyzer (timingan).
Derived Constraints for clock_generator_0_CLKIN_pin_IBUFG
+-------------------------------+-------------+-------------+-------------+-------------+-------------+-------------+-------------+
|                               |   Period    |       Actual Period       |      Timing Errors        |      Paths Analyzed       |
|           Constraint          | Requirement |-------------+-------------|-------------+-------------|-------------+-------------|
|                               |             |   Direct    | Derivative  |   Direct    | Derivative  |   Direct    | Derivative  |
+-------------------------------+-------------+-------------+-------------+-------------+-------------+-------------+-------------+
|clock_generator_0_CLKIN_pin_IBU|      1.838ns|      3.635ns|      3.704ns|            0|            0|            3|            0|
|FG                             |             |             |             |             |             |             |             |
| clock_generator_0/clock_genera|      1.838ns|      3.704ns|          N/A|            0|            0|            0|            0|
| tor_0/SIG_DCM0_CLK0           |             |             |             |             |             |             |             |
+-------------------------------+-------------+-------------+-------------+-------------+-------------+-------------+-------------+

All constraints were met.
INFO:Timing:2761 - N/A entries in the Constraints List may indicate that the 
   constraint is not analyzed due to the following: No paths covered by this 
   constraint; Other constraints intersect with this constraint; or This 
   constraint was disabled by a Path Tracing Control. Please run the Timespec 
   Interaction Report (TSI) via command line (trce tsi) or Timing Analyzer GUI.


Generating Pad Report.

All signals are completely routed.

WARNING:Par:283 - There are 2 loadless signals in this design. This design will cause Bitgen to issue DRC warnings.

Total REAL time to PAR completion: 2 mins 45 secs 
Total CPU time to PAR completion: 2 mins 17 secs 

Peak Memory Usage:  369 MB

Placer: Placement generated during map.
Routing: Completed - No errors found.

Number of error messages: 0
Number of warning messages: 5
Number of info messages: 1

Writing design to file system.ncd



PAR done!



#----------------------------------------------#
# Starting program post_par_trce
# trce -e 3 -xml system.twx system.ncd system.pcf 
#----------------------------------------------#
Release 14.7 - Trace  (nt64)
Copyright (c) 1995-2013 Xilinx, Inc.  All rights reserved.


PMSPEC -- Overriding Xilinx file
<C:/Xilinx/14.7/ISE_DS/EDK/spartan3e/data/spartan3e.acd> with local file
<C:/Xilinx/14.7/ISE_DS/ISE/spartan3e/data/spartan3e.acd>
Loading device for application Rf_Device from file '3s500e.nph' in environment
C:\Xilinx\14.7\ISE_DS\ISE\;C:\Xilinx\14.7\ISE_DS\EDK.
   "system" is an NCD, version 3.2, device xc3s500e, package fg320, speed -5
INFO:Timing:2698 - No timing constraints found, doing default enumeration.
--------------------------------------------------------------------------------
Release 14.7 Trace  (nt64)
Copyright (c) 1995-2013 Xilinx, Inc.  All rights reserved.

C:\Xilinx\14.7\ISE_DS\ISE\bin\nt64\unwrapped\trce.exe -e 3 -xml system.twx
system.ncd system.pcf


Design file:              system.ncd
Physical constraint file: system.pcf
Device,speed:             xc3s500e,-5 (PRODUCTION 1.27 2013-10-13)
Report level:             error report
--------------------------------------------------------------------------------

INFO:Timing:3412 - To improve timing, see the Timing Closure User Guide (UG612).
INFO:Timing:2752 - To get complete path coverage, use the unconstrained paths
   option. All paths that are not constrained will be reported in the
   unconstrained paths section(s) of the report.
INFO:Timing:3339 - The clock-to-out numbers in this timing report are based on a
   50 Ohm transmission line loading model.  For the details of this model, and
   for more information on accounting for different loading conditions, please
   see the device datasheet.
INFO:Timing:3390 - This architecture does not support a default System Jitter
   value, please add SYSTEM_JITTER constraint to the UCF to modify the Clock
   Uncertainty calculation.
INFO:Timing:3389 - This architecture does not support 'Discrete Jitter' and
   'Phase Error' calculations, these terms will be zero in the Clock Uncertainty
   calculation.  Please make appropriate modification to SYSTEM_JITTER to
   account for the unsupported Discrete Jitter and Phase Error.

Analysis completed Mon Dec 03 16:52:28 2018
--------------------------------------------------------------------------------

Generating Report ...

Number of warnings: 0
Number of info messages: 6
Total time: 8 secs 


