
Checking platform configuration ...
IPNAME: lmb_v10, INSTANCE: data_lmb - 1 master(s) : 1 slave(s) 
IPNAME: lmb_v10, INSTANCE: inst_lmb - 1 master(s) : 1 slave(s) 
IPNAME: plb_v46, INSTANCE: plb_v46_0 - 1 master(s) : 4 slave(s) 

Checking port drivers...
WARNING:EDK:4180 - PORT: EXT_BRK, CONNECTOR: Ext_BRK - No driver found. Port
   will be driven to GND -
   C:\Xilinx\14.7\ISE_DS\EDK\hw\XilinxProcessorIPLib\pcores\microblaze_v8_50_c\d
   ata\microblaze_v2_1_0.mpd line 415 
WARNING:EDK:4180 - PORT: EXT_NM_BRK, CONNECTOR: Ext_NM_BRK - No driver found.
   Port will be driven to GND -
   C:\Xilinx\14.7\ISE_DS\EDK\hw\XilinxProcessorIPLib\pcores\microblaze_v8_50_c\d
   ata\microblaze_v2_1_0.mpd line 416 
WARNING:EDK:4181 - PORT: DBG_WAKEUP, CONNECTOR: microblaze_0_DBG_WAKEUP -
   floating connection - F:\4\tp_SOC\system.mhs line 26 

Performing Clock DRCs...

Performing Reset DRCs...

Overriding system level properties...
INFO:EDK:4130 - IPNAME: microblaze, INSTANCE:microblaze_0 - tcl is overriding
   PARAMETER C_D_PLB value to 1 -
   C:\Xilinx\14.7\ISE_DS\EDK\hw\XilinxProcessorIPLib\pcores\microblaze_v8_50_c\d
   ata\microblaze_v2_1_0.mpd line 233 
INFO:EDK:4130 - IPNAME: microblaze, INSTANCE:microblaze_0 - tcl is overriding
   PARAMETER C_ADDR_TAG_BITS value to 0 -
   C:\Xilinx\14.7\ISE_DS\EDK\hw\XilinxProcessorIPLib\pcores\microblaze_v8_50_c\d
   ata\microblaze_v2_1_0.mpd line 337 
INFO:EDK:4130 - IPNAME: microblaze, INSTANCE:microblaze_0 - tcl is overriding
   PARAMETER C_DCACHE_ADDR_TAG value to 0 -
   C:\Xilinx\14.7\ISE_DS\EDK\hw\XilinxProcessorIPLib\pcores\microblaze_v8_50_c\d
   ata\microblaze_v2_1_0.mpd line 367 
INFO:EDK:4130 - IPNAME: lmb_bram_if_cntlr, INSTANCE:data_ctrl - tcl is
   overriding PARAMETER C_MASK value to 0x00400000 -
   C:\Xilinx\14.7\ISE_DS\EDK\hw\XilinxProcessorIPLib\pcores\lmb_bram_if_cntlr_v3
   _10_c\data\lmb_bram_if_cntlr_v2_1_0.mpd line 92 
INFO:EDK:4130 - IPNAME: lmb_bram_if_cntlr, INSTANCE:inst_ctrl - tcl is
   overriding PARAMETER C_MASK value to 0x00400000 -
   C:\Xilinx\14.7\ISE_DS\EDK\hw\XilinxProcessorIPLib\pcores\lmb_bram_if_cntlr_v3
   _10_c\data\lmb_bram_if_cntlr_v2_1_0.mpd line 92 

Running system level update procedures...

Running UPDATE Tcl procedures for OPTION SYSLEVEL_UPDATE_PROC...

Running system level DRCs...

Performing System level DRCs on properties...

Running DRC Tcl procedures for OPTION SYSLEVEL_DRC_PROC...
Conversion to XML complete.
