Release 14.1 - ngc2edif P.15xf (nt64)
Copyright (c) 1995-2012 Xilinx, Inc.  All rights reserved.
Reading design convertisseurs.ngc ...
WARNING:NetListWriters:298 - No output is written to convertisseurs.xncf,
   ignored.
Processing design ...
   Preping design's networks ...
   Preping design's macros ...
  finished :Prep
Writing EDIF netlist file convertisseurs.edif ...
ngc2edif: Total memory usage is 78936 kilobytes

Release 14.1 - ngc2edif P.15xf (nt64)
Copyright (c) 1995-2012 Xilinx, Inc.  All rights reserved.
Reading design Test.ngc ...
WARNING:NetListWriters:298 - No output is written to Test.xncf, ignored.
Processing design ...
   Preping design's networks ...
   Preping design's macros ...
  finished :Prep
Writing EDIF netlist file Test.edif ...
ngc2edif: Total memory usage is 78936 kilobytes

Release 14.1 - ngc2edif P.15xf (nt64)
Copyright (c) 1995-2012 Xilinx, Inc.  All rights reserved.
Reading design Test.ngc ...
WARNING:NetListWriters:298 - No output is written to Test.xncf, ignored.
Processing design ...
   Preping design's networks ...
   Preping design's macros ...
  finished :Prep
Writing EDIF netlist file Test.edif ...
ngc2edif: Total memory usage is 79000 kilobytes

Release 14.1 - ngc2edif P.15xf (nt64)
Copyright (c) 1995-2012 Xilinx, Inc.  All rights reserved.
Reading design Test.ngc ...
WARNING:NetListWriters:298 - No output is written to Test.xncf, ignored.
Processing design ...
   Preping design's networks ...
   Preping design's macros ...
  finished :Prep
Writing EDIF netlist file Test.edif ...
ngc2edif: Total memory usage is 79384 kilobytes

