#-----------------------------------------------------------
# Webtalk v2018.2 (64-bit)
# SW Build 2258646 on Thu Jun 14 20:03:12 MDT 2018
# 
# Start of session at: Sun Jan  6 19:59:24 2019
# Process ID: 9408
# Current directory: C:/Users/juandres666/Desktop/Nexys4DDR/project_3/project_3.sdk/webtalk
# Command line: wbtcv.exe -mode batch -source sdk_webtalk.tcl
# Log file: C:/Users/juandres666/Desktop/Nexys4DDR/project_3/project_3.sdk/webtalk/webtalk.log
# Journal file: C:/Users/juandres666/Desktop/Nexys4DDR/project_3/project_3.sdk/webtalk\webtalk.jou
#-----------------------------------------------------------
source sdk_webtalk.tcl
# webtalk_init -webtalk_dir C:\\Users\\juandres666\\Desktop\\Nexys4DDR\\project_3\\project_3.sdk\\webtalk
# webtalk_register_client -client project
# webtalk_add_data -client project -key date_generated -value "2019-01-06 19:59:08" -context "software_version_and_target_device"
# webtalk_add_data -client project -key product_version -value "SDK v2018.2" -context "software_version_and_target_device"
# webtalk_add_data -client project -key build_version -value "2018.2" -context "software_version_and_target_device"
# webtalk_add_data -client project -key os_platform -value "amd64" -context "software_version_and_target_device"
# webtalk_add_data -client project -key registration_id -value "" -context "software_version_and_target_device"
# webtalk_add_data -client project -key tool_flow -value "SDK" -context "software_version_and_target_device"
# webtalk_add_data -client project -key beta -value "false" -context "software_version_and_target_device"
# webtalk_add_data -client project -key route_design -value "NA" -context "software_version_and_target_device"
# webtalk_add_data -client project -key target_family -value "NA" -context "software_version_and_target_device"
# webtalk_add_data -client project -key target_device -value "NA" -context "software_version_and_target_device"
# webtalk_add_data -client project -key target_package -value "NA" -context "software_version_and_target_device"
# webtalk_add_data -client project -key target_speed -value "NA" -context "software_version_and_target_device"
# webtalk_add_data -client project -key random_id -value "hgb6e9fj82qiuq583hpsmppre6" -context "software_version_and_target_device"
# webtalk_add_data -client project -key project_id -value "2018.2_5" -context "software_version_and_target_device"
# webtalk_add_data -client project -key project_iteration -value "5" -context "software_version_and_target_device"
# webtalk_add_data -client project -key os_name -value "Microsoft Windows 8 or later , 64-bit" -context "user_environment"
# webtalk_add_data -client project -key os_release -value "major release  (build 9200)" -context "user_environment"
# webtalk_add_data -client project -key cpu_name -value "Intel(R) Core(TM) i7-5500U CPU @ 2.40GHz" -context "user_environment"
# webtalk_add_data -client project -key cpu_speed -value "2394 MHz" -context "user_environment"
# webtalk_add_data -client project -key total_processors -value "1" -context "user_environment"
# webtalk_add_data -client project -key system_ram -value "8.501 GB" -context "user_environment"
# webtalk_register_client -client sdk
# webtalk_add_data -client sdk -key uid -value "1546712249772" -context "sdk\\\\hardware/1546712249772"
# webtalk_add_data -client sdk -key isZynq -value "false" -context "sdk\\\\hardware/1546712249772"
# webtalk_add_data -client sdk -key isZynqMP -value "false" -context "sdk\\\\hardware/1546712249772"
# webtalk_add_data -client sdk -key Processors -value "1" -context "sdk\\\\hardware/1546712249772"
# webtalk_add_data -client sdk -key VivadoVersion -value "2018.2" -context "sdk\\\\hardware/1546712249772"
# webtalk_add_data -client sdk -key Arch -value "artix7" -context "sdk\\\\hardware/1546712249772"
# webtalk_add_data -client sdk -key Device -value "7a100t" -context "sdk\\\\hardware/1546712249772"
# webtalk_add_data -client sdk -key IsHandoff -value "true" -context "sdk\\\\hardware/1546712249772"
# webtalk_add_data -client sdk -key os -value "NA" -context "sdk\\\\hardware/1546712249772"
# webtalk_add_data -client sdk -key apptemplate -value "NA" -context "sdk\\\\hardware/1546712249772"
# webtalk_add_data -client sdk -key RecordType -value "HWCreation" -context "sdk\\\\hardware/1546712249772"
# webtalk_add_data -client sdk -key uid -value "1546712527520" -context "sdk\\\\bsp/1546712527520"
# webtalk_add_data -client sdk -key hwid -value "1546712249772" -context "sdk\\\\bsp/1546712527520"
# webtalk_add_data -client sdk -key os -value "standalone" -context "sdk\\\\bsp/1546712527520"
# webtalk_add_data -client sdk -key apptemplate -value "empty_application" -context "sdk\\\\bsp/1546712527520"
# webtalk_add_data -client sdk -key RecordType -value "BSPCreation" -context "sdk\\\\bsp/1546712527520"
# webtalk_add_data -client sdk -key uid -value "1546712544647" -context "sdk\\\\application/1546712544647"
# webtalk_add_data -client sdk -key hwid -value "1546712249772" -context "sdk\\\\application/1546712544647"
# webtalk_add_data -client sdk -key bspid -value "1546712527520" -context "sdk\\\\application/1546712544647"
# webtalk_add_data -client sdk -key newbsp -value "true" -context "sdk\\\\application/1546712544647"
# webtalk_add_data -client sdk -key os -value "standalone" -context "sdk\\\\application/1546712544647"
# webtalk_add_data -client sdk -key apptemplate -value "empty_application" -context "sdk\\\\application/1546712544647"
# webtalk_add_data -client sdk -key RecordType -value "APPCreation" -context "sdk\\\\application/1546712544647"
# webtalk_add_data -client sdk -key LangUsed -value "C" -context "sdk\\\\application/1546712544647"
# webtalk_add_data -client sdk -key Procused -value "microblaze" -context "sdk\\\\application/1546712544647"
# webtalk_add_data -client sdk -key projSize -value "110.2890625" -context "sdk\\\\application/1546712544647"
# webtalk_add_data -client sdk -key uid -value "NA" -context "sdk\\\\bsp/1546801148194"
# webtalk_add_data -client sdk -key RecordType -value "ToolUsage" -context "sdk\\\\bsp/1546801148194"
# webtalk_add_data -client sdk -key BootgenCount -value "0" -context "sdk\\\\bsp/1546801148194"
# webtalk_add_data -client sdk -key DebugCount -value "0" -context "sdk\\\\bsp/1546801148194"
# webtalk_add_data -client sdk -key PerfCount -value "0" -context "sdk\\\\bsp/1546801148194"
# webtalk_add_data -client sdk -key FlashCount -value "0" -context "sdk\\\\bsp/1546801148194"
# webtalk_add_data -client sdk -key CrossTriggCount -value "0" -context "sdk\\\\bsp/1546801148194"
# webtalk_add_data -client sdk -key QemuDebugCount -value "0" -context "sdk\\\\bsp/1546801148194"
# webtalk_transmit -clientid 2109051658 -regid "" -xml C:\\Users\\juandres666\\Desktop\\Nexys4DDR\\project_3\\project_3.sdk\\webtalk\\usage_statistics_ext_sdk.xml -html C:\\Users\\juandres666\\Desktop\\Nexys4DDR\\project_3\\project_3.sdk\\webtalk\\usage_statistics_ext_sdk.html -wdm C:\\Users\\juandres666\\Desktop\\Nexys4DDR\\project_3\\project_3.sdk\\webtalk\\sdk_webtalk.wdm -intro "<H3>SDK Usage Report</H3><BR>"
# webtalk_terminate
INFO: [Common 17-206] Exiting Webtalk at Sun Jan  6 19:59:25 2019...
