12:32:23.096 INFO  - Processing command line option -hwspec D:\tp_SOC\SDK\SDK_Export\hw\system.xml. 
14:14:03 INFO  : Registering command handlers for SDK TCF services
14:14:06 INFO  : Launching XSCT server: xsct.bat -interactive F:\SoC_Application\temp_xsdb_launch_script.tcl
14:14:10 INFO  : XSCT server has started successfully.
14:14:16 INFO  : Successfully done setting XSCT server connection channel  
14:14:20 INFO  : Successfully done setting SDK workspace  
14:14:20 ERROR : (XSDB Server)ERROR: [Hsi 55-1594] Core cpu of version 1.15.a not found in re
14:14:20 ERROR : (XSDB Server)positories
ERROR: [Hsi 55-1594] Core bram of version 3.03.a not found in repositories
ERROR: [Hsi 55-1594] Core bram of version 3.03.a not found in repositories
ERROR: [Hsi 55-1594] Core gpio of version 3.01.a not found in repositories
ERROR: [Hsi 55-1594] Core standalone of version 3.11.a not found in repositories

14:14:20 ERROR : (XSDB Server)ERROR: [Hsi 55-1452] Error: running open_sw_d
14:14:20 ERROR : (XSDB Server)esign.

14:14:20 ERROR :  [Common 17-39] 'hsi::open_sw_design' failed due to earlier errors.
14:14:20 ERROR : (XSDB Server)ERROR: [Hsi 55-1594] C
14:14:20 ERROR : (XSDB Server)ore cpu of version 1.15.a not found in repositories
ERROR: [Hsi 55-1594] Cor
14:14:20 ERROR : (XSDB Server)e bram of version 3.03.a not found in repositories
ERROR:
14:14:20 ERROR : (XSDB Server) [Hsi 55-1594] Core bram of version 3.03.a not 
14:14:20 ERROR : (XSDB Server)found in repositories

14:14:20 ERROR : (XSDB Server)ERROR: [Hsi 55-1594] Core gpio of version 3.01.a not found in repositories

14:14:20 ERROR : (XSDB Server)ERROR: [Hsi 55-1594] Core standalone of versi
14:14:20 ERROR : (XSDB Server)on 3.11.a not found in repositories
ERROR: [Hsi 55-1452] Err
14:14:20 ERROR : (XSDB Server)or: running open_sw_design.

14:14:20 INFO  : Unable to read in MSS file F:\SoC_Application\LED_Shift_bsp\system.mss : null
14:14:20 ERROR : (XSDB Server)ERROR: [Hsi 55-1594] Core cpu of version 1.15.a not found in repositories
ERROR: [Hsi 55-1594] Core bram of version 3.03.a not found in repositories
ERROR: [Hsi 55-1594] Core bram of version 3.03.a not found in repositories
ERROR: [Hsi 55-1594] Core gpio of version 3.01.a not found in repositories
ERROR: [Hsi 55-1594] Core standalone of version 3.11.a not found in repositories
ERROR: [Hsi 55-1452] Error: running open_sw_design.

14:14:21 ERROR : (XSDB Server)ERROR: [Hsi 55-1594] Core cpu of version 1.15.a not found in repositorie
14:14:21 ERROR : (XSDB Server)s
ERROR: [Hsi 55-1594] Core bram of version 3.03.a not found in repositories
ERROR: [Hsi 55-1594] Core bram of version 3.03.a not found in repositories
ERROR: [Hsi 55-1594] Core gpio of version 3.01.a not found in repositories
ERROR: [Hsi 55-1594] Core standalone of version 3.11.a not found in repositories
ERROR: [Hsi 55-1452] Error: running open_sw_design.

14:14:21 ERROR : Failed to get_connected_periphs
Reason: ERROR: [Common 17-55] 'get_property' expects at least one object.
Resolution: If [get_<value>] was used to populate the object, check to make sure this command returns at least one valid object.

14:14:21 ERROR : (XSDB Server)ERROR: [Hsi 55-1594] Core cp
14:14:21 ERROR : (XSDB Server)u of version 1.15.a not found in repositories
ERROR: [Hsi 55-1594] Core bram
14:14:21 ERROR : (XSDB Server) of version 3.03.a not found in repositories

14:14:21 ERROR : (XSDB Server)ERROR: [Hsi 55-1594] Core bram of version 3.03.a not found in repositories
ERROR: [Hsi 55-1594] Core gpio of version 3.01.a not found in repositories
ERROR: 
14:14:21 ERROR : (XSDB Server)[Hsi 55-1594] Core standalone of version 3.11.a not found in repositories
ERR
14:14:21 ERROR : (XSDB Server)OR: [Hsi 55-1452] Error: running open_sw_design.

14:14:21 ERROR :  [Common 17-39] 'hsi::open_sw_design' failed due to earlier errors.
14:14:21 ERROR : (XSDB Server)ERROR: [Hsi 55-1594] Core cpu of version 1.15.a not found in repositories

14:14:21 ERROR : (XSDB Server)ERROR: [Hsi 55-1594] Core bram of version 3.03.a not found in repositories
ERROR: [Hs
14:14:21 ERROR : (XSDB Server)i 55-1594] Core bram of version 3.03.a not 
14:14:21 ERROR : (XSDB Server)found in repositories

14:14:21 ERROR : (XSDB Server)ERROR: [Hsi 55-1594] Core 
14:14:21 ERROR : (XSDB Server)gpio of version 3.01.a not found i
14:14:21 ERROR : (XSDB Server)n repositories

14:14:21 ERROR : (XSDB Server)ERROR: [Hsi 55-159
14:14:21 ERROR : (XSDB Server)4] Core standalone of version 3.11.a not found in
14:14:21 ERROR : (XSDB Server) repositories
ERR
14:14:21 ERROR : (XSDB Server)OR: [Hsi 55-1452] Error: running open_sw_design.

14:14:21 INFO  : Unable to read in MSS file F:\SoC_Application\LED_Shift_bsp\system.mss : null
14:14:21 ERROR : (XSDB Server)ERROR: [Hsi 55-1594] Core cpu of version 1.15.a not found in r
14:14:21 ERROR : (XSDB Server)epositories
ERROR: [Hsi 55-1594] Core bram of version 3.03.a not found in repositories

14:14:21 ERROR : (XSDB Server)ERROR: [Hsi 55-
14:14:21 ERROR : (XSDB Server)1594] Core bram of version 3.03.a not found in repositories
ERROR: [Hsi 55-1594] Core gpio of version 3.01
14:14:21 ERROR : (XSDB Server).a not found in repositories

14:14:21 ERROR : (XSDB Server)ERROR
14:14:21 ERROR : (XSDB Server): [Hsi 55-1594] Core stan
14:14:21 ERROR : (XSDB Server)dalone of version 3.11.a not fou
14:14:21 ERROR : (XSDB Server)nd in repositories

14:14:21 ERROR : (XSDB Server)ERROR: [Hsi 55-145
14:14:21 ERROR : (XSDB Server)2] Error: running op
14:14:21 ERROR : (XSDB Server)en_sw_design.

14:14:21 ERROR : (XSDB Server)ERROR: [Hsi 55-1594] Core cpu of version 1.15.a not found in repositories
ERROR: [Hsi 55-1594] Core bram of version 3.03.a not found in repositories
ERROR: [Hsi 55-1594] Core bram of version 3.03.a not found in repositor
14:14:21 ERROR : (XSDB Server)ies
ERROR: [Hsi 55-1594] Core gpio of version 3.01.a not foun
14:14:21 ERROR : (XSDB Server)d in repositories

14:14:21 ERROR : (XSDB Server)ERROR: [Hsi 55-1594] Core standalone of version 3.11.a not found in repositories
ERROR: [Hsi 55-1452] Error: running open_sw_design.

14:14:21 ERROR : Failed to get_connected_periphs
Reason: ERROR: [Common 17-55] 'get_property' expects at least one object.
Resolution: If [get_<value>] was used to populate the object, check to make sure this command returns at least one valid object.

14:14:21 ERROR : (XSDB Server)ERROR: [Hsi 55-1594] Co
14:14:21 ERROR : (XSDB Server)re cpu of version 1.15.a not found in repositories
ERROR: [Hs
14:14:21 ERROR : (XSDB Server)i 55-1594] Core bram of version 3.03.a not fo
14:14:21 ERROR : (XSDB Server)und in repositories

14:14:21 ERROR : (XSDB Server)ERROR: [Hsi 55-159
14:14:21 ERROR : (XSDB Server)4] Core bram of version 3
14:14:21 ERROR : (XSDB Server).03.a not found in rep
14:14:21 ERROR : (XSDB Server)ositories

14:14:21 ERROR : (XSDB Server)ERRO
14:14:21 ERROR : (XSDB Server)R: [Hsi 55-1594] Core 
14:14:21 ERROR : (XSDB Server)gpio of versi
14:14:21 ERROR : (XSDB Server)on 3.01.a not found in 
14:14:21 ERROR : (XSDB Server)repositories

14:14:21 ERROR : (XSDB Server)E
14:14:21 ERROR : (XSDB Server)R
14:14:21 ERROR : (XSDB Server)ROR: [Hsi 
14:14:21 ERROR : (XSDB Server)55-1594] Core standalone 
14:14:21 ERROR : (XSDB Server)of version 3.11.a not found 
14:14:21 ERROR : (XSDB Server)in repositories

14:14:21 ERROR : (XSDB Server)ERROR: [Hsi 55-1452] Error: running open_s
14:14:21 ERROR : (XSDB Server)w_design.

14:14:21 ERROR :  [Common 17-39] 'hsi::open_sw_design' failed due to earlier errors.
14:14:21 ERROR : (XSDB Server)ERROR: [Hsi 55-1594] Core cpu o
14:14:21 ERROR : (XSDB Server)f version 1.15.a not found in repositories
ERROR: [Hsi 55-1594] Core bra
14:14:21 ERROR : (XSDB Server)m of version 3.03.a not found in
14:14:21 ERROR : (XSDB Server) repositories

14:14:21 ERROR : (XSDB Server)ERROR: [Hs
14:14:21 ERROR : (XSDB Server)i 55-1594] Core bram 
14:14:21 ERROR : (XSDB Server)of version 3.03.a no
14:14:21 ERROR : (XSDB Server)t found in reposito
14:14:21 ERROR : (XSDB Server)ries

14:14:21 ERROR : (XSDB Server)ERROR: [Hsi 55-1594] Core gpio of version 3.01.a not found in repositor
14:14:21 ERROR : (XSDB Server)ies

14:14:21 ERROR : (XSDB Server)ERROR: [Hsi 5
14:14:21 ERROR : (XSDB Server)5-1594] Core standal
14:14:21 ERROR : (XSDB Server)one of version 3.11.a no
14:14:21 ERROR : (XSDB Server)t found in repositor
14:14:21 ERROR : (XSDB Server)ies

14:14:21 ERROR : (XSDB Server)ERROR: [Hsi 55-1452] E
14:14:21 ERROR : (XSDB Server)rror: running open_sw_d
14:14:21 ERROR : (XSDB Server)esign.

14:14:21 INFO  : Unable to read in MSS file F:\SoC_Application\LED_Shift_bsp\system.mss : null
14:14:21 ERROR : (XSDB Server)ERROR: [Hsi 55-1594] Core cp
14:14:21 ERROR : (XSDB Server)u of version 1.15.a not found in repositories
ERROR: [Hsi 55-1594] Core bram
14:14:21 ERROR : (XSDB Server) of version 3.03.a not found in repositories

14:14:21 ERROR : (XSDB Server)ERROR: [Hsi 55-1594] Core bram of version 3.03.a not found in repositories

14:14:21 ERROR : (XSDB Server)ERROR: [Hsi 
14:14:21 ERROR : (XSDB Server)55-1594] Core gpio of version 3.01.a not found in 
14:14:21 ERROR : (XSDB Server)repositories

14:14:21 ERROR : (XSDB Server)ERROR
14:14:21 ERROR : (XSDB Server): [Hsi 55-1594] Core standalone of ve
14:14:21 ERROR : (XSDB Server)rsion 3.11.a not found in rep
14:14:21 ERROR : (XSDB Server)ositories

14:14:21 ERROR : (XSDB Server)ERROR: [Hsi 55-1452] Err
14:14:21 ERROR : (XSDB Server)or: running open_sw_desi
14:14:21 ERROR : (XSDB Server)gn.

14:14:21 ERROR : (XSDB Server)ERROR: [Hsi 55-1594] Core cpu of version 1.15.a not found in repositories

14:14:21 ERROR : (XSDB Server)ERROR: [Hsi 55-1594] Core bram of version 3.03.a not found in repositories
ERROR: 
14:14:21 ERROR : (XSDB Server)[Hsi 55-1594] Core bram of versio
14:14:21 ERROR : (XSDB Server)n 3.03.a not found in repositories

14:14:21 ERROR : (XSDB Server)ERROR: [Hsi 55-1594] Core gpio of version 3.0
14:14:21 ERROR : (XSDB Server)1.a not found in repositories

14:14:21 ERROR : (XSDB Server)ERROR: [Hsi 55-1594] Core standa
14:14:21 ERROR : (XSDB Server)lone of version 3.11.a not found in repositories

14:14:21 ERROR : (XSDB Server)ERROR: [Hsi 55-1452
14:14:21 ERROR : (XSDB Server)] Error: runnin
14:14:21 ERROR : (XSDB Server)g open_sw_design.

14:14:21 ERROR : Failed to get_connected_periphs
Reason: ERROR: [Common 17-55] 'get_property' expects at least one object.
Resolution: If [get_<value>] was used to populate the object, check to make sure this command returns at least one valid object.

14:14:25 ERROR : (XSDB Server)ERROR: [Hsi 55-1594] Core cpu of versio
14:14:25 ERROR : (XSDB Server)n 1.15.a not found in repositories
ERROR: [Hsi 55-1594] Core bram of version 3.03.a not found in repositories
ERROR: [Hsi 55-1594] Core bram of version 3.03.a not found in repositories
ERROR: [Hsi 55-1594] Core gpio of version 3.01.a not found in repositories
ERROR: [Hsi 55-1594] Core standalone of version 3.11.a not found in repositories
ERROR: [Hsi 55-1452] Error: running open_sw_design.

14:14:25 ERROR :  [Common 17-39] 'hsi::open_sw_design' failed due to earlier errors.
14:14:25 ERROR : (XSDB Server)ERROR: [Hsi 55-1594] 
14:14:25 ERROR : (XSDB Server)Core cpu of version 1.15.a not found in repositories
ERROR: [Hsi 55-1594] Core bram of version 3.03.a not found in repositories
ERROR: [Hsi 55-1594] Core bram of versio
14:14:25 ERROR : (XSDB Server)n 3.03.a not found in repositories

14:14:25 ERROR : (XSDB Server)ERROR: [Hsi 55-1594] Cor
14:14:25 ERROR : (XSDB Server)e gpio of version 3.01.a 
14:14:25 ERROR : (XSDB Server)not found in repositories
ERROR: [Hsi 
14:14:25 ERROR : (XSDB Server)55-1594] Core standalone of version 3.11.a 
14:14:25 ERROR : (XSDB Server)not found in repositories

14:14:25 ERROR : (XSDB Server)ERROR: [Hsi 5
14:14:25 ERROR : (XSDB Server)5-1452] Error: running open_sw_design.

14:14:25 INFO  : Unable to read in MSS file F:\SoC_Application\LED_Shift_bsp\system.mss : null
14:14:30 ERROR : (XSDB Server)ERROR: [Hsi 55-159
14:14:30 ERROR : (XSDB Server)4] Core cpu of version 1.15.a not found in repositories
ERROR: [Hsi 55-1594] Core bram of version 3.03.a not found in repositories
ERROR: [Hsi 55-1594] Core bram of version 3.03.a not found in repositories
ERROR: [Hsi 55-1594] Core gpio of version 3.01.a not found in repositories
ERROR: [Hsi 55-1594] Core standalone of version 3.11.a not found in repositories
ERROR
14:14:30 ERROR : (XSDB Server): [Hsi 55-1452] Error: running open_sw_design.

14:14:31 ERROR : Failed in generating sources
14:14:31 INFO  : BSP Project P/LED_Shift_bsp has been successfully migrated.
14:14:31 ERROR : (XSDB Server)ERROR: [Hsi 55-1594] 
14:14:31 ERROR : (XSDB Server)Core cpu of version 1.15.a not found in repositories
ERROR: [Hsi 55-1594] Core bram of version 3.03.a not found in repositories
ERROR: [Hsi 55-1594] Core bram of version 3.03.a not found in repositories
ERROR: [Hsi 55-1594] Core gpio of version 3.01.a not found in repositories
ERROR: [Hsi 55-1594] Core standalone of version 3.11.a 
14:14:31 ERROR : (XSDB Server)n
14:14:31 ERROR : (XSDB Server)ot found in repositories
ERROR: [Hsi 55-1452] Error: running open_sw_design.

14:14:31 ERROR :  [Common 17-39] 'hsi::open_sw_design' failed due to earlier errors.
14:14:31 ERROR : (XSDB Server)ERROR: [Hsi 55-159
14:14:31 ERROR : (XSDB Server)4] Core cpu of version 1.15.a not found in repositories
ERR
14:14:31 ERROR : (XSDB Server)OR: [Hsi 55-1594] C
14:14:31 ERROR : (XSDB Server)ore bram of version 3.03.a not found in reposit
14:14:31 ERROR : (XSDB Server)ories

14:14:31 ERROR : (XSDB Server)E
14:14:31 ERROR : (XSDB Server)RROR: [Hsi 55-1594] Core
14:14:31 ERROR : (XSDB Server) bram of version 3.03.
14:14:31 ERROR : (XSDB Server)a not found in reposit
14:14:31 ERROR : (XSDB Server)ories

14:14:31 ERROR : (XSDB Server)E
14:14:31 ERROR : (XSDB Server)R
14:14:31 ERROR : (XSDB Server)R
14:14:31 ERROR : (XSDB Server)O
14:14:31 ERROR : (XSDB Server)R
14:14:31 ERROR : (XSDB Server):
14:14:31 ERROR : (XSDB Server) 
14:14:31 ERROR : (XSDB Server)[
14:14:31 ERROR : (XSDB Server)H
14:14:31 ERROR : (XSDB Server)s
14:14:31 ERROR : (XSDB Server)i
14:14:31 ERROR : (XSDB Server) 
14:14:31 ERROR : (XSDB Server)55-1594] Core gpio of version 3.01.a not found in repositories

14:14:31 ERROR : (XSDB Server)ERROR: [H
14:14:31 ERROR : (XSDB Server)s
14:14:31 ERROR : (XSDB Server)i
14:14:31 ERROR : (XSDB Server) 
14:14:31 ERROR : (XSDB Server)5
14:14:31 ERROR : (XSDB Server)5
14:14:31 ERROR : (XSDB Server)-
14:14:31 ERROR : (XSDB Server)1
14:14:31 ERROR : (XSDB Server)5
14:14:31 ERROR : (XSDB Server)9
14:14:31 ERROR : (XSDB Server)4
14:14:31 ERROR : (XSDB Server)]
14:14:31 ERROR : (XSDB Server) 
14:14:31 ERROR : (XSDB Server)C
14:14:31 ERROR : (XSDB Server)o
14:14:31 ERROR : (XSDB Server)r
14:14:31 ERROR : (XSDB Server)e
14:14:31 ERROR : (XSDB Server) 
14:14:31 ERROR : (XSDB Server)s
14:14:31 ERROR : (XSDB Server)t
14:14:31 ERROR : (XSDB Server)a
14:14:31 ERROR : (XSDB Server)n
14:14:31 ERROR : (XSDB Server)d
14:14:31 ERROR : (XSDB Server)a
14:14:31 ERROR : (XSDB Server)l
14:14:31 ERROR : (XSDB Server)o
14:14:31 ERROR : (XSDB Server)n
14:14:31 ERROR : (XSDB Server)e
14:14:31 ERROR : (XSDB Server) 
14:14:31 ERROR : (XSDB Server)o
14:14:31 ERROR : (XSDB Server)f
14:14:31 ERROR : (XSDB Server) 
14:14:31 ERROR : (XSDB Server)v
14:14:31 ERROR : (XSDB Server)e
14:14:31 ERROR : (XSDB Server)rsion 3.11.a not 
14:14:31 ERROR : (XSDB Server)found in repositor
14:14:31 ERROR : (XSDB Server)ies

14:14:31 ERROR : (XSDB Server)ERROR: [Hsi 55-1452] Error: run
14:14:31 ERROR : (XSDB Server)n
14:14:31 ERROR : (XSDB Server)i
14:14:31 ERROR : (XSDB Server)n
14:14:31 ERROR : (XSDB Server)g
14:14:31 ERROR : (XSDB Server) 
14:14:31 ERROR : (XSDB Server)o
14:14:31 ERROR : (XSDB Server)p
14:14:31 ERROR : (XSDB Server)e
14:14:31 ERROR : (XSDB Server)n
14:14:31 ERROR : (XSDB Server)_
14:14:31 ERROR : (XSDB Server)s
14:14:31 ERROR : (XSDB Server)w
14:14:31 ERROR : (XSDB Server)_
14:14:31 ERROR : (XSDB Server)d
14:14:31 ERROR : (XSDB Server)e
14:14:31 ERROR : (XSDB Server)s
14:14:31 ERROR : (XSDB Server)i
14:14:31 ERROR : (XSDB Server)g
14:14:31 ERROR : (XSDB Server)n
14:14:31 ERROR : (XSDB Server).
14:14:31 ERROR : (XSDB Server)

14:14:31 INFO  : Unable to read in MSS file F:\SoC_Application\LED_Shift_bsp\system.mss : null
14:14:31 ERROR : (XSDB Server)ERROR: [Hsi 55
14:14:31 ERROR : (XSDB Server)-1594] Core cpu of version 1.15.a not found in repositories

14:14:31 ERROR : (XSDB Server)ERROR: 
14:14:31 ERROR : (XSDB Server)[Hsi 55-1594] Core bram of version 3.03.a not found in repositories

14:14:31 ERROR : (XSDB Server)ERROR: [Hsi 55-1
14:14:31 ERROR : (XSDB Server)594] Core br
14:14:31 ERROR : (XSDB Server)am of version 3
14:14:31 ERROR : (XSDB Server).03.a not found in repositories
ERROR: [Hs
14:14:31 ERROR : (XSDB Server)i 55-1594] Core 
14:14:31 ERROR : (XSDB Server)gpio of versio
14:14:31 ERROR : (XSDB Server)n 3.01.a not found in reposi
14:14:31 ERROR : (XSDB Server)tories

14:14:31 ERROR : (XSDB Server)ERROR: [Hsi 55-1594] Core
14:14:31 ERROR : (XSDB Server) standalone of version 3.11.a not fo
14:14:31 ERROR : (XSDB Server)und in repositories

14:14:31 ERROR : (XSDB Server)ERRO
14:14:31 ERROR : (XSDB Server)R: [Hsi 55-1
14:14:31 ERROR : (XSDB Server)452] Error: run
14:14:31 ERROR : (XSDB Server)ning open_sw
14:14:31 ERROR : (XSDB Server)_design.

14:14:31 ERROR : (XSDB Server)ERROR: [Hsi 55-1594] Core cpu of version 1.15.a not found in repositories
ERROR: [Hsi 55-1594] Core bram of version 3.03.a not found in repositories
ERROR: [Hsi 55-1594] Core bram of version 3.03.a not found in repositories
ERROR: [Hsi 55-1594] Core gpio of version 3.01.a not found in repositories
ERROR: [Hsi 55-1594] Core standalone of version 3.11.a not found in repositories
ERROR: [Hsi 55-1452] Error: running open_sw_design.

14:14:31 ERROR : Failed to get_connected_periphs
Reason: ERROR: [Common 17-55] 'get_property' expects at least one object.
Resolution: If [get_<value>] was used to populate the object, check to make sure this command returns at least one valid object.

14:18:34 INFO  : Connected to target on host '127.0.0.1' and port '3121'.
14:19:56 INFO  : Connected to target on host '127.0.0.1' and port '3121'.
14:28:11 ERROR : (XSDB Server)ERROR: [Hsi 55-1594] Core cpu
14:28:11 ERROR : (XSDB Server) of version 1.15.a not found in repositories
ERROR: [Hsi 55-1594] Core bram of version 3.03.a not found in repositories
ERROR: [Hsi 55-1594] Core bram of version 3.03.a not found in repositories
ERROR: [Hsi 55-1594] Core gpio of version 3.01.a not found in repositories
ERROR: [Hsi 55-1594] Core standalone of version 3.11.a not found in repositories

14:28:11 ERROR : (XSDB Server)ERROR: [Hsi 55-1452] Erro
14:28:11 ERROR : (XSDB Server)r: running open_sw_design.

14:28:11 ERROR :  [Common 17-39] 'hsi::open_sw_design' failed due to earlier errors.
14:28:11 ERROR : (XSDB Server)ERROR: [Hsi 55-1452] Error: ru
14:28:11 ERROR : (XSDB Server)nning open_sw_design.

14:28:11 INFO  : Unable to read in MSS file F:\SoC_Application\LED_Shift_bsp\system.mss : null
14:28:11 ERROR : Failed to closesw "F:/SoC_Application/LED_Shift_bsp/system.mss"
Reason: Cannot close sw design 'F:/SoC_Application/LED_Shift_bsp/system.mss'.
Design is not opened in the current session.


14:35:34 INFO  : Refreshed build settings on project led
14:41:23 ERROR : (XSDB Server)ERROR: [Hsi 55-1452] E
14:41:23 ERROR : (XSDB Server)rror: running open_sw_design.

14:41:23 ERROR :  [Common 17-39] 'hsi::open_sw_design' failed due to earlier errors.
14:41:23 ERROR : (XSDB Server)ERROR: [Hsi 55-1452]
14:41:23 ERROR : (XSDB Server) Error: running open_sw_design.

14:41:23 INFO  : Unable to read in MSS file F:\SoC_Application\led_bsp\system.mss : null
14:41:23 ERROR : (XSDB Server)ERROR: [Hsi 55-1452] Error: r
14:41:23 ERROR : (XSDB Server)unning open_sw_design.

14:41:24 ERROR : Failed to closesw "F:/SoC_Application/led_bsp/system.mss"
Reason: Cannot close sw design 'F:/SoC_Application/led_bsp/system.mss'.
Design is not opened in the current session.


14:43:07 ERROR : (XSDB Server)ERROR: [Hsi 55-1452] Error: running open_sw_d
14:43:07 ERROR : (XSDB Server)esign.

14:43:08 ERROR :  [Common 17-39] 'hsi::open_sw_design' failed due to earlier errors.
14:43:08 ERROR : (XSDB Server)ERROR: [Hsi 55-14
14:43:08 ERROR : (XSDB Server)52] Error: running open_sw_design.

14:43:08 INFO  : Unable to read in MSS file F:\SoC_Application\led_bsp\system.mss : null
14:52:40 INFO  : Registering command handlers for SDK TCF services
14:52:42 INFO  : Launching XSCT server: xsct.bat -interactive F:\SoC_Application\temp_xsdb_launch_script.tcl
14:52:45 INFO  : XSCT server has started successfully.
14:52:46 INFO  : Successfully done setting XSCT server connection channel  
14:52:47 INFO  : Successfully done setting SDK workspace  
